Sender: LSF System <lsfadmin@ccb028>
Subject: Job 85261805: <ana003> in cluster <centralcluster> Done

Job <ana003> was submitted from host <ccw05> by user <yokugawa> in cluster <centralcluster> at Fri Feb 26 01:26:05 2021
Job was executed on host(s) <ccb028>, in queue <s>, as user <yokugawa> in cluster <centralcluster> at Fri Feb 26 01:26:06 2021
</home/ilc/yokugawa> was used as the home directory.
</home/ilc/yokugawa/QQbarAnalysis/scripts/scripts_kekcc> was used as the working directory.
Started at Fri Feb 26 01:26:06 2021
Terminated at Fri Feb 26 02:10:49 2021
Results reported at Fri Feb 26 02:10:49 2021

Your job looked like:

------------------------------------------------------------
# LSBATCH: User input
./runMarlin2 list/15162_l5.list 7 9 qqbar250_steer.xml l5 eLpR 15162
------------------------------------------------------------

Successfully completed.

Resource usage summary:

    CPU time :                                   2628.07 sec.
    Max Memory :                                 611 MB
    Average Memory :                             470.23 MB
    Total Requested Memory :                     4000.00 MB
    Delta Memory :                               3389.00 MB
    Max Swap :                                   -
    Max Processes :                              6
    Max Threads :                                7
    Run time :                                   2682 sec.
    Turnaround time :                            2684 sec.

The output (if any) follows:

+ flist=list/15162_l5.list
+ start=7
+ end=9
+ inputxml=qqbar250_steer.xml
+ model=l5
+ chiral=eLpR
+ id=15162
+ outputDir=/group/ilc/users/yokugawa/QQbar250/l5/eLpR/15162/proc_2021
+ logDir=./log
+ tmpxmlDir=./tmpxml
+ xmlDir=./myxml
++ seq 7 9
+ for count in '$(seq $start $end)'
++ tail -1
++ head -7 list/15162_l5.list
+ input=/group/ilc/grid/storm/prod/ilc/mc-2020/ild/dst-merged/250-SetA/2f_hadronic_eL_pR/ILD_l5_o1_v02/v02-02/00015162/000/rv02-02.sv02-02.mILD_l5_o1_v02.E250-SetA.I500010.P2f_z_h.eL.pR.n002.d_dstm_15162_6.slcio
+ echo /group/ilc/grid/storm/prod/ilc/mc-2020/ild/dst-merged/250-SetA/2f_hadronic_eL_pR/ILD_l5_o1_v02/v02-02/00015162/000/rv02-02.sv02-02.mILD_l5_o1_v02.E250-SetA.I500010.P2f_z_h.eL.pR.n002.d_dstm_15162_6.slcio
/group/ilc/grid/storm/prod/ilc/mc-2020/ild/dst-merged/250-SetA/2f_hadronic_eL_pR/ILD_l5_o1_v02/v02-02/00015162/000/rv02-02.sv02-02.mILD_l5_o1_v02.E250-SetA.I500010.P2f_z_h.eL.pR.n002.d_dstm_15162_6.slcio
++ basename /group/ilc/grid/storm/prod/ilc/mc-2020/ild/dst-merged/250-SetA/2f_hadronic_eL_pR/ILD_l5_o1_v02/v02-02/00015162/000/rv02-02.sv02-02.mILD_l5_o1_v02.E250-SetA.I500010.P2f_z_h.eL.pR.n002.d_dstm_15162_6.slcio
+ filename=rv02-02.sv02-02.mILD_l5_o1_v02.E250-SetA.I500010.P2f_z_h.eL.pR.n002.d_dstm_15162_6.slcio
+ filename=rv02-02.sv02-02.mILD_l5_o1_v02.E250-SetA.I500010.P2f_z_h.eL.pR.n002.d_dstm_15162_6
+ echo rv02-02.sv02-02.mILD_l5_o1_v02.E250-SetA.I500010.P2f_z_h.eL.pR.n002.d_dstm_15162_6
rv02-02.sv02-02.mILD_l5_o1_v02.E250-SetA.I500010.P2f_z_h.eL.pR.n002.d_dstm_15162_6
+ tmpxml=./tmpxml/rv02-02.sv02-02.mILD_l5_o1_v02.E250-SetA.I500010.P2f_z_h.eL.pR.n002.d_dstm_15162_6.xml
+ lastxml=./myxml/rv02-02.sv02-02.mILD_l5_o1_v02.E250-SetA.I500010.P2f_z_h.eL.pR.n002.d_dstm_15162_6.xml
+ log=./log/rv02-02.sv02-02.mILD_l5_o1_v02.E250-SetA.I500010.P2f_z_h.eL.pR.n002.d_dstm_15162_6.log
+ rootout1=/group/ilc/users/yokugawa/QQbar250/l5/eLpR/15162/proc_2021/vertex_restorer_out/rv02-02.sv02-02.mILD_l5_o1_v02.E250-SetA.I500010.P2f_z_h.eL.pR.n002.d_dstm_15162_6_VR.root
+ rootout2=/group/ilc/users/yokugawa/QQbar250/l5/eLpR/15162/proc_2021/QQbarProcessor_out/rv02-02.sv02-02.mILD_l5_o1_v02.E250-SetA.I500010.P2f_z_h.eL.pR.n002.d_dstm_15162_6.root
+ slcioout=/hsm/ilc/users/yokugawa/QQbar250/l5/eLpR/15162/000/rv02-02.sv02-02.mILD_l5_o1_v02.E250-SetA.I500010.P2f_z_h.eL.pR.n002.d_dstm_15162_6.slcio
+ sed -e '/<!-- OUTPUT.slcio -->/i /hsm/ilc/users/yokugawa/QQbar250/l5/eLpR/15162/000/rv02-02.sv02-02.mILD_l5_o1_v02.E250-SetA.I500010.P2f_z_h.eL.pR.n002.d_dstm_15162_6.slcio'
+ sed -e '/<!-- OUTPUT2.root -->/i /group/ilc/users/yokugawa/QQbar250/l5/eLpR/15162/proc_2021/QQbarProcessor_out/rv02-02.sv02-02.mILD_l5_o1_v02.E250-SetA.I500010.P2f_z_h.eL.pR.n002.d_dstm_15162_6.root'
+ sed -e '/<!-- OUTPUT1.root -->/i /group/ilc/users/yokugawa/QQbar250/l5/eLpR/15162/proc_2021/vertex_restorer_out/rv02-02.sv02-02.mILD_l5_o1_v02.E250-SetA.I500010.P2f_z_h.eL.pR.n002.d_dstm_15162_6_VR.root'
+ sed -e '/<!-- INPUT.slcio -->/i /group/ilc/grid/storm/prod/ilc/mc-2020/ild/dst-merged/250-SetA/2f_hadronic_eL_pR/ILD_l5_o1_v02/v02-02/00015162/000/rv02-02.sv02-02.mILD_l5_o1_v02.E250-SetA.I500010.P2f_z_h.eL.pR.n002.d_dstm_15162_6.slcio' qqbar250_steer.xml
+ /sw/ilc/ilcsoft/gcc820/v02-01-02/Marlin/v01-17-01/bin/Marlin ./myxml/rv02-02.sv02-02.mILD_l5_o1_v02.E250-SetA.I500010.P2f_z_h.eL.pR.n002.d_dstm_15162_6.xml
+ echo '7 event finished'
7 event finished
+ for count in '$(seq $start $end)'
++ tail -1
++ head -8 list/15162_l5.list
+ input=/group/ilc/grid/storm/prod/ilc/mc-2020/ild/dst-merged/250-SetA/2f_hadronic_eL_pR/ILD_l5_o1_v02/v02-02/00015162/000/rv02-02.sv02-02.mILD_l5_o1_v02.E250-SetA.I500010.P2f_z_h.eL.pR.n003.d_dstm_15162_10.slcio
+ echo /group/ilc/grid/storm/prod/ilc/mc-2020/ild/dst-merged/250-SetA/2f_hadronic_eL_pR/ILD_l5_o1_v02/v02-02/00015162/000/rv02-02.sv02-02.mILD_l5_o1_v02.E250-SetA.I500010.P2f_z_h.eL.pR.n003.d_dstm_15162_10.slcio
/group/ilc/grid/storm/prod/ilc/mc-2020/ild/dst-merged/250-SetA/2f_hadronic_eL_pR/ILD_l5_o1_v02/v02-02/00015162/000/rv02-02.sv02-02.mILD_l5_o1_v02.E250-SetA.I500010.P2f_z_h.eL.pR.n003.d_dstm_15162_10.slcio
++ basename /group/ilc/grid/storm/prod/ilc/mc-2020/ild/dst-merged/250-SetA/2f_hadronic_eL_pR/ILD_l5_o1_v02/v02-02/00015162/000/rv02-02.sv02-02.mILD_l5_o1_v02.E250-SetA.I500010.P2f_z_h.eL.pR.n003.d_dstm_15162_10.slcio
+ filename=rv02-02.sv02-02.mILD_l5_o1_v02.E250-SetA.I500010.P2f_z_h.eL.pR.n003.d_dstm_15162_10.slcio
+ filename=rv02-02.sv02-02.mILD_l5_o1_v02.E250-SetA.I500010.P2f_z_h.eL.pR.n003.d_dstm_15162_10
+ echo rv02-02.sv02-02.mILD_l5_o1_v02.E250-SetA.I500010.P2f_z_h.eL.pR.n003.d_dstm_15162_10
rv02-02.sv02-02.mILD_l5_o1_v02.E250-SetA.I500010.P2f_z_h.eL.pR.n003.d_dstm_15162_10
+ tmpxml=./tmpxml/rv02-02.sv02-02.mILD_l5_o1_v02.E250-SetA.I500010.P2f_z_h.eL.pR.n003.d_dstm_15162_10.xml
+ lastxml=./myxml/rv02-02.sv02-02.mILD_l5_o1_v02.E250-SetA.I500010.P2f_z_h.eL.pR.n003.d_dstm_15162_10.xml
+ log=./log/rv02-02.sv02-02.mILD_l5_o1_v02.E250-SetA.I500010.P2f_z_h.eL.pR.n003.d_dstm_15162_10.log
+ rootout1=/group/ilc/users/yokugawa/QQbar250/l5/eLpR/15162/proc_2021/vertex_restorer_out/rv02-02.sv02-02.mILD_l5_o1_v02.E250-SetA.I500010.P2f_z_h.eL.pR.n003.d_dstm_15162_10_VR.root
+ rootout2=/group/ilc/users/yokugawa/QQbar250/l5/eLpR/15162/proc_2021/QQbarProcessor_out/rv02-02.sv02-02.mILD_l5_o1_v02.E250-SetA.I500010.P2f_z_h.eL.pR.n003.d_dstm_15162_10.root
+ slcioout=/hsm/ilc/users/yokugawa/QQbar250/l5/eLpR/15162/000/rv02-02.sv02-02.mILD_l5_o1_v02.E250-SetA.I500010.P2f_z_h.eL.pR.n003.d_dstm_15162_10.slcio
+ sed -e '/<!-- OUTPUT.slcio -->/i /hsm/ilc/users/yokugawa/QQbar250/l5/eLpR/15162/000/rv02-02.sv02-02.mILD_l5_o1_v02.E250-SetA.I500010.P2f_z_h.eL.pR.n003.d_dstm_15162_10.slcio'
+ sed -e '/<!-- OUTPUT2.root -->/i /group/ilc/users/yokugawa/QQbar250/l5/eLpR/15162/proc_2021/QQbarProcessor_out/rv02-02.sv02-02.mILD_l5_o1_v02.E250-SetA.I500010.P2f_z_h.eL.pR.n003.d_dstm_15162_10.root'
+ sed -e '/<!-- OUTPUT1.root -->/i /group/ilc/users/yokugawa/QQbar250/l5/eLpR/15162/proc_2021/vertex_restorer_out/rv02-02.sv02-02.mILD_l5_o1_v02.E250-SetA.I500010.P2f_z_h.eL.pR.n003.d_dstm_15162_10_VR.root'
+ sed -e '/<!-- INPUT.slcio -->/i /group/ilc/grid/storm/prod/ilc/mc-2020/ild/dst-merged/250-SetA/2f_hadronic_eL_pR/ILD_l5_o1_v02/v02-02/00015162/000/rv02-02.sv02-02.mILD_l5_o1_v02.E250-SetA.I500010.P2f_z_h.eL.pR.n003.d_dstm_15162_10.slcio' qqbar250_steer.xml
+ /sw/ilc/ilcsoft/gcc820/v02-01-02/Marlin/v01-17-01/bin/Marlin ./myxml/rv02-02.sv02-02.mILD_l5_o1_v02.E250-SetA.I500010.P2f_z_h.eL.pR.n003.d_dstm_15162_10.xml
+ echo '8 event finished'
8 event finished
+ for count in '$(seq $start $end)'
++ tail -1
++ head -9 list/15162_l5.list
+ input=/group/ilc/grid/storm/prod/ilc/mc-2020/ild/dst-merged/250-SetA/2f_hadronic_eL_pR/ILD_l5_o1_v02/v02-02/00015162/000/rv02-02.sv02-02.mILD_l5_o1_v02.E250-SetA.I500010.P2f_z_h.eL.pR.n003.d_dstm_15162_11.slcio
+ echo /group/ilc/grid/storm/prod/ilc/mc-2020/ild/dst-merged/250-SetA/2f_hadronic_eL_pR/ILD_l5_o1_v02/v02-02/00015162/000/rv02-02.sv02-02.mILD_l5_o1_v02.E250-SetA.I500010.P2f_z_h.eL.pR.n003.d_dstm_15162_11.slcio
/group/ilc/grid/storm/prod/ilc/mc-2020/ild/dst-merged/250-SetA/2f_hadronic_eL_pR/ILD_l5_o1_v02/v02-02/00015162/000/rv02-02.sv02-02.mILD_l5_o1_v02.E250-SetA.I500010.P2f_z_h.eL.pR.n003.d_dstm_15162_11.slcio
++ basename /group/ilc/grid/storm/prod/ilc/mc-2020/ild/dst-merged/250-SetA/2f_hadronic_eL_pR/ILD_l5_o1_v02/v02-02/00015162/000/rv02-02.sv02-02.mILD_l5_o1_v02.E250-SetA.I500010.P2f_z_h.eL.pR.n003.d_dstm_15162_11.slcio
+ filename=rv02-02.sv02-02.mILD_l5_o1_v02.E250-SetA.I500010.P2f_z_h.eL.pR.n003.d_dstm_15162_11.slcio
+ filename=rv02-02.sv02-02.mILD_l5_o1_v02.E250-SetA.I500010.P2f_z_h.eL.pR.n003.d_dstm_15162_11
+ echo rv02-02.sv02-02.mILD_l5_o1_v02.E250-SetA.I500010.P2f_z_h.eL.pR.n003.d_dstm_15162_11
rv02-02.sv02-02.mILD_l5_o1_v02.E250-SetA.I500010.P2f_z_h.eL.pR.n003.d_dstm_15162_11
+ tmpxml=./tmpxml/rv02-02.sv02-02.mILD_l5_o1_v02.E250-SetA.I500010.P2f_z_h.eL.pR.n003.d_dstm_15162_11.xml
+ lastxml=./myxml/rv02-02.sv02-02.mILD_l5_o1_v02.E250-SetA.I500010.P2f_z_h.eL.pR.n003.d_dstm_15162_11.xml
+ log=./log/rv02-02.sv02-02.mILD_l5_o1_v02.E250-SetA.I500010.P2f_z_h.eL.pR.n003.d_dstm_15162_11.log
+ rootout1=/group/ilc/users/yokugawa/QQbar250/l5/eLpR/15162/proc_2021/vertex_restorer_out/rv02-02.sv02-02.mILD_l5_o1_v02.E250-SetA.I500010.P2f_z_h.eL.pR.n003.d_dstm_15162_11_VR.root
+ rootout2=/group/ilc/users/yokugawa/QQbar250/l5/eLpR/15162/proc_2021/QQbarProcessor_out/rv02-02.sv02-02.mILD_l5_o1_v02.E250-SetA.I500010.P2f_z_h.eL.pR.n003.d_dstm_15162_11.root
+ slcioout=/hsm/ilc/users/yokugawa/QQbar250/l5/eLpR/15162/000/rv02-02.sv02-02.mILD_l5_o1_v02.E250-SetA.I500010.P2f_z_h.eL.pR.n003.d_dstm_15162_11.slcio
+ sed -e '/<!-- OUTPUT.slcio -->/i /hsm/ilc/users/yokugawa/QQbar250/l5/eLpR/15162/000/rv02-02.sv02-02.mILD_l5_o1_v02.E250-SetA.I500010.P2f_z_h.eL.pR.n003.d_dstm_15162_11.slcio'
+ sed -e '/<!-- OUTPUT2.root -->/i /group/ilc/users/yokugawa/QQbar250/l5/eLpR/15162/proc_2021/QQbarProcessor_out/rv02-02.sv02-02.mILD_l5_o1_v02.E250-SetA.I500010.P2f_z_h.eL.pR.n003.d_dstm_15162_11.root'
+ sed -e '/<!-- OUTPUT1.root -->/i /group/ilc/users/yokugawa/QQbar250/l5/eLpR/15162/proc_2021/vertex_restorer_out/rv02-02.sv02-02.mILD_l5_o1_v02.E250-SetA.I500010.P2f_z_h.eL.pR.n003.d_dstm_15162_11_VR.root'
+ sed -e '/<!-- INPUT.slcio -->/i /group/ilc/grid/storm/prod/ilc/mc-2020/ild/dst-merged/250-SetA/2f_hadronic_eL_pR/ILD_l5_o1_v02/v02-02/00015162/000/rv02-02.sv02-02.mILD_l5_o1_v02.E250-SetA.I500010.P2f_z_h.eL.pR.n003.d_dstm_15162_11.slcio' qqbar250_steer.xml
+ /sw/ilc/ilcsoft/gcc820/v02-01-02/Marlin/v01-17-01/bin/Marlin ./myxml/rv02-02.sv02-02.mILD_l5_o1_v02.E250-SetA.I500010.P2f_z_h.eL.pR.n003.d_dstm_15162_11.xml
+ echo '9 event finished'
9 event finished
