Sender: LSF System <lsfadmin@ccb055>
Subject: Job 85261813: <ana004> in cluster <centralcluster> Done

Job <ana004> was submitted from host <ccw05> by user <yokugawa> in cluster <centralcluster> at Fri Feb 26 01:26:05 2021
Job was executed on host(s) <ccb055>, in queue <s>, as user <yokugawa> in cluster <centralcluster> at Fri Feb 26 01:26:06 2021
</home/ilc/yokugawa> was used as the home directory.
</home/ilc/yokugawa/QQbarAnalysis/scripts/scripts_kekcc> was used as the working directory.
Started at Fri Feb 26 01:26:06 2021
Terminated at Fri Feb 26 02:04:04 2021
Results reported at Fri Feb 26 02:04:04 2021

Your job looked like:

------------------------------------------------------------
# LSBATCH: User input
./runMarlin2 list/15162_l5.list 10 12 qqbar250_steer.xml l5 eLpR 15162
------------------------------------------------------------

Successfully completed.

Resource usage summary:

    CPU time :                                   2237.93 sec.
    Max Memory :                                 611 MB
    Average Memory :                             469.33 MB
    Total Requested Memory :                     4000.00 MB
    Delta Memory :                               3389.00 MB
    Max Swap :                                   -
    Max Processes :                              4
    Max Threads :                                5
    Run time :                                   2278 sec.
    Turnaround time :                            2279 sec.

The output (if any) follows:

+ flist=list/15162_l5.list
+ start=10
+ end=12
+ inputxml=qqbar250_steer.xml
+ model=l5
+ chiral=eLpR
+ id=15162
+ outputDir=/group/ilc/users/yokugawa/QQbar250/l5/eLpR/15162/proc_2021
+ logDir=./log
+ tmpxmlDir=./tmpxml
+ xmlDir=./myxml
++ seq 10 12
+ for count in '$(seq $start $end)'
++ tail -1
++ head -10 list/15162_l5.list
+ input=/group/ilc/grid/storm/prod/ilc/mc-2020/ild/dst-merged/250-SetA/2f_hadronic_eL_pR/ILD_l5_o1_v02/v02-02/00015162/000/rv02-02.sv02-02.mILD_l5_o1_v02.E250-SetA.I500010.P2f_z_h.eL.pR.n003.d_dstm_15162_12.slcio
+ echo /group/ilc/grid/storm/prod/ilc/mc-2020/ild/dst-merged/250-SetA/2f_hadronic_eL_pR/ILD_l5_o1_v02/v02-02/00015162/000/rv02-02.sv02-02.mILD_l5_o1_v02.E250-SetA.I500010.P2f_z_h.eL.pR.n003.d_dstm_15162_12.slcio
/group/ilc/grid/storm/prod/ilc/mc-2020/ild/dst-merged/250-SetA/2f_hadronic_eL_pR/ILD_l5_o1_v02/v02-02/00015162/000/rv02-02.sv02-02.mILD_l5_o1_v02.E250-SetA.I500010.P2f_z_h.eL.pR.n003.d_dstm_15162_12.slcio
++ basename /group/ilc/grid/storm/prod/ilc/mc-2020/ild/dst-merged/250-SetA/2f_hadronic_eL_pR/ILD_l5_o1_v02/v02-02/00015162/000/rv02-02.sv02-02.mILD_l5_o1_v02.E250-SetA.I500010.P2f_z_h.eL.pR.n003.d_dstm_15162_12.slcio
+ filename=rv02-02.sv02-02.mILD_l5_o1_v02.E250-SetA.I500010.P2f_z_h.eL.pR.n003.d_dstm_15162_12.slcio
+ filename=rv02-02.sv02-02.mILD_l5_o1_v02.E250-SetA.I500010.P2f_z_h.eL.pR.n003.d_dstm_15162_12
+ echo rv02-02.sv02-02.mILD_l5_o1_v02.E250-SetA.I500010.P2f_z_h.eL.pR.n003.d_dstm_15162_12
rv02-02.sv02-02.mILD_l5_o1_v02.E250-SetA.I500010.P2f_z_h.eL.pR.n003.d_dstm_15162_12
+ tmpxml=./tmpxml/rv02-02.sv02-02.mILD_l5_o1_v02.E250-SetA.I500010.P2f_z_h.eL.pR.n003.d_dstm_15162_12.xml
+ lastxml=./myxml/rv02-02.sv02-02.mILD_l5_o1_v02.E250-SetA.I500010.P2f_z_h.eL.pR.n003.d_dstm_15162_12.xml
+ log=./log/rv02-02.sv02-02.mILD_l5_o1_v02.E250-SetA.I500010.P2f_z_h.eL.pR.n003.d_dstm_15162_12.log
+ rootout1=/group/ilc/users/yokugawa/QQbar250/l5/eLpR/15162/proc_2021/vertex_restorer_out/rv02-02.sv02-02.mILD_l5_o1_v02.E250-SetA.I500010.P2f_z_h.eL.pR.n003.d_dstm_15162_12_VR.root
+ rootout2=/group/ilc/users/yokugawa/QQbar250/l5/eLpR/15162/proc_2021/QQbarProcessor_out/rv02-02.sv02-02.mILD_l5_o1_v02.E250-SetA.I500010.P2f_z_h.eL.pR.n003.d_dstm_15162_12.root
+ slcioout=/hsm/ilc/users/yokugawa/QQbar250/l5/eLpR/15162/000/rv02-02.sv02-02.mILD_l5_o1_v02.E250-SetA.I500010.P2f_z_h.eL.pR.n003.d_dstm_15162_12.slcio
+ sed -e '/<!-- OUTPUT.slcio -->/i /hsm/ilc/users/yokugawa/QQbar250/l5/eLpR/15162/000/rv02-02.sv02-02.mILD_l5_o1_v02.E250-SetA.I500010.P2f_z_h.eL.pR.n003.d_dstm_15162_12.slcio'
+ sed -e '/<!-- OUTPUT2.root -->/i /group/ilc/users/yokugawa/QQbar250/l5/eLpR/15162/proc_2021/QQbarProcessor_out/rv02-02.sv02-02.mILD_l5_o1_v02.E250-SetA.I500010.P2f_z_h.eL.pR.n003.d_dstm_15162_12.root'
+ sed -e '/<!-- OUTPUT1.root -->/i /group/ilc/users/yokugawa/QQbar250/l5/eLpR/15162/proc_2021/vertex_restorer_out/rv02-02.sv02-02.mILD_l5_o1_v02.E250-SetA.I500010.P2f_z_h.eL.pR.n003.d_dstm_15162_12_VR.root'
+ sed -e '/<!-- INPUT.slcio -->/i /group/ilc/grid/storm/prod/ilc/mc-2020/ild/dst-merged/250-SetA/2f_hadronic_eL_pR/ILD_l5_o1_v02/v02-02/00015162/000/rv02-02.sv02-02.mILD_l5_o1_v02.E250-SetA.I500010.P2f_z_h.eL.pR.n003.d_dstm_15162_12.slcio' qqbar250_steer.xml
+ /sw/ilc/ilcsoft/gcc820/v02-01-02/Marlin/v01-17-01/bin/Marlin ./myxml/rv02-02.sv02-02.mILD_l5_o1_v02.E250-SetA.I500010.P2f_z_h.eL.pR.n003.d_dstm_15162_12.xml
+ echo '10 event finished'
10 event finished
+ for count in '$(seq $start $end)'
++ tail -1
++ head -11 list/15162_l5.list
+ input=/group/ilc/grid/storm/prod/ilc/mc-2020/ild/dst-merged/250-SetA/2f_hadronic_eL_pR/ILD_l5_o1_v02/v02-02/00015162/000/rv02-02.sv02-02.mILD_l5_o1_v02.E250-SetA.I500010.P2f_z_h.eL.pR.n003.d_dstm_15162_13.slcio
+ echo /group/ilc/grid/storm/prod/ilc/mc-2020/ild/dst-merged/250-SetA/2f_hadronic_eL_pR/ILD_l5_o1_v02/v02-02/00015162/000/rv02-02.sv02-02.mILD_l5_o1_v02.E250-SetA.I500010.P2f_z_h.eL.pR.n003.d_dstm_15162_13.slcio
/group/ilc/grid/storm/prod/ilc/mc-2020/ild/dst-merged/250-SetA/2f_hadronic_eL_pR/ILD_l5_o1_v02/v02-02/00015162/000/rv02-02.sv02-02.mILD_l5_o1_v02.E250-SetA.I500010.P2f_z_h.eL.pR.n003.d_dstm_15162_13.slcio
++ basename /group/ilc/grid/storm/prod/ilc/mc-2020/ild/dst-merged/250-SetA/2f_hadronic_eL_pR/ILD_l5_o1_v02/v02-02/00015162/000/rv02-02.sv02-02.mILD_l5_o1_v02.E250-SetA.I500010.P2f_z_h.eL.pR.n003.d_dstm_15162_13.slcio
+ filename=rv02-02.sv02-02.mILD_l5_o1_v02.E250-SetA.I500010.P2f_z_h.eL.pR.n003.d_dstm_15162_13.slcio
+ filename=rv02-02.sv02-02.mILD_l5_o1_v02.E250-SetA.I500010.P2f_z_h.eL.pR.n003.d_dstm_15162_13
+ echo rv02-02.sv02-02.mILD_l5_o1_v02.E250-SetA.I500010.P2f_z_h.eL.pR.n003.d_dstm_15162_13
rv02-02.sv02-02.mILD_l5_o1_v02.E250-SetA.I500010.P2f_z_h.eL.pR.n003.d_dstm_15162_13
+ tmpxml=./tmpxml/rv02-02.sv02-02.mILD_l5_o1_v02.E250-SetA.I500010.P2f_z_h.eL.pR.n003.d_dstm_15162_13.xml
+ lastxml=./myxml/rv02-02.sv02-02.mILD_l5_o1_v02.E250-SetA.I500010.P2f_z_h.eL.pR.n003.d_dstm_15162_13.xml
+ log=./log/rv02-02.sv02-02.mILD_l5_o1_v02.E250-SetA.I500010.P2f_z_h.eL.pR.n003.d_dstm_15162_13.log
+ rootout1=/group/ilc/users/yokugawa/QQbar250/l5/eLpR/15162/proc_2021/vertex_restorer_out/rv02-02.sv02-02.mILD_l5_o1_v02.E250-SetA.I500010.P2f_z_h.eL.pR.n003.d_dstm_15162_13_VR.root
+ rootout2=/group/ilc/users/yokugawa/QQbar250/l5/eLpR/15162/proc_2021/QQbarProcessor_out/rv02-02.sv02-02.mILD_l5_o1_v02.E250-SetA.I500010.P2f_z_h.eL.pR.n003.d_dstm_15162_13.root
+ slcioout=/hsm/ilc/users/yokugawa/QQbar250/l5/eLpR/15162/000/rv02-02.sv02-02.mILD_l5_o1_v02.E250-SetA.I500010.P2f_z_h.eL.pR.n003.d_dstm_15162_13.slcio
+ sed -e '/<!-- OUTPUT.slcio -->/i /hsm/ilc/users/yokugawa/QQbar250/l5/eLpR/15162/000/rv02-02.sv02-02.mILD_l5_o1_v02.E250-SetA.I500010.P2f_z_h.eL.pR.n003.d_dstm_15162_13.slcio'
+ sed -e '/<!-- OUTPUT2.root -->/i /group/ilc/users/yokugawa/QQbar250/l5/eLpR/15162/proc_2021/QQbarProcessor_out/rv02-02.sv02-02.mILD_l5_o1_v02.E250-SetA.I500010.P2f_z_h.eL.pR.n003.d_dstm_15162_13.root'
+ sed -e '/<!-- OUTPUT1.root -->/i /group/ilc/users/yokugawa/QQbar250/l5/eLpR/15162/proc_2021/vertex_restorer_out/rv02-02.sv02-02.mILD_l5_o1_v02.E250-SetA.I500010.P2f_z_h.eL.pR.n003.d_dstm_15162_13_VR.root'
+ sed -e '/<!-- INPUT.slcio -->/i /group/ilc/grid/storm/prod/ilc/mc-2020/ild/dst-merged/250-SetA/2f_hadronic_eL_pR/ILD_l5_o1_v02/v02-02/00015162/000/rv02-02.sv02-02.mILD_l5_o1_v02.E250-SetA.I500010.P2f_z_h.eL.pR.n003.d_dstm_15162_13.slcio' qqbar250_steer.xml
+ /sw/ilc/ilcsoft/gcc820/v02-01-02/Marlin/v01-17-01/bin/Marlin ./myxml/rv02-02.sv02-02.mILD_l5_o1_v02.E250-SetA.I500010.P2f_z_h.eL.pR.n003.d_dstm_15162_13.xml
+ echo '11 event finished'
11 event finished
+ for count in '$(seq $start $end)'
++ tail -1
++ head -12 list/15162_l5.list
+ input=/group/ilc/grid/storm/prod/ilc/mc-2020/ild/dst-merged/250-SetA/2f_hadronic_eL_pR/ILD_l5_o1_v02/v02-02/00015162/000/rv02-02.sv02-02.mILD_l5_o1_v02.E250-SetA.I500010.P2f_z_h.eL.pR.n003.d_dstm_15162_7.slcio
+ echo /group/ilc/grid/storm/prod/ilc/mc-2020/ild/dst-merged/250-SetA/2f_hadronic_eL_pR/ILD_l5_o1_v02/v02-02/00015162/000/rv02-02.sv02-02.mILD_l5_o1_v02.E250-SetA.I500010.P2f_z_h.eL.pR.n003.d_dstm_15162_7.slcio
/group/ilc/grid/storm/prod/ilc/mc-2020/ild/dst-merged/250-SetA/2f_hadronic_eL_pR/ILD_l5_o1_v02/v02-02/00015162/000/rv02-02.sv02-02.mILD_l5_o1_v02.E250-SetA.I500010.P2f_z_h.eL.pR.n003.d_dstm_15162_7.slcio
++ basename /group/ilc/grid/storm/prod/ilc/mc-2020/ild/dst-merged/250-SetA/2f_hadronic_eL_pR/ILD_l5_o1_v02/v02-02/00015162/000/rv02-02.sv02-02.mILD_l5_o1_v02.E250-SetA.I500010.P2f_z_h.eL.pR.n003.d_dstm_15162_7.slcio
+ filename=rv02-02.sv02-02.mILD_l5_o1_v02.E250-SetA.I500010.P2f_z_h.eL.pR.n003.d_dstm_15162_7.slcio
+ filename=rv02-02.sv02-02.mILD_l5_o1_v02.E250-SetA.I500010.P2f_z_h.eL.pR.n003.d_dstm_15162_7
+ echo rv02-02.sv02-02.mILD_l5_o1_v02.E250-SetA.I500010.P2f_z_h.eL.pR.n003.d_dstm_15162_7
rv02-02.sv02-02.mILD_l5_o1_v02.E250-SetA.I500010.P2f_z_h.eL.pR.n003.d_dstm_15162_7
+ tmpxml=./tmpxml/rv02-02.sv02-02.mILD_l5_o1_v02.E250-SetA.I500010.P2f_z_h.eL.pR.n003.d_dstm_15162_7.xml
+ lastxml=./myxml/rv02-02.sv02-02.mILD_l5_o1_v02.E250-SetA.I500010.P2f_z_h.eL.pR.n003.d_dstm_15162_7.xml
+ log=./log/rv02-02.sv02-02.mILD_l5_o1_v02.E250-SetA.I500010.P2f_z_h.eL.pR.n003.d_dstm_15162_7.log
+ rootout1=/group/ilc/users/yokugawa/QQbar250/l5/eLpR/15162/proc_2021/vertex_restorer_out/rv02-02.sv02-02.mILD_l5_o1_v02.E250-SetA.I500010.P2f_z_h.eL.pR.n003.d_dstm_15162_7_VR.root
+ rootout2=/group/ilc/users/yokugawa/QQbar250/l5/eLpR/15162/proc_2021/QQbarProcessor_out/rv02-02.sv02-02.mILD_l5_o1_v02.E250-SetA.I500010.P2f_z_h.eL.pR.n003.d_dstm_15162_7.root
+ slcioout=/hsm/ilc/users/yokugawa/QQbar250/l5/eLpR/15162/000/rv02-02.sv02-02.mILD_l5_o1_v02.E250-SetA.I500010.P2f_z_h.eL.pR.n003.d_dstm_15162_7.slcio
+ sed -e '/<!-- OUTPUT.slcio -->/i /hsm/ilc/users/yokugawa/QQbar250/l5/eLpR/15162/000/rv02-02.sv02-02.mILD_l5_o1_v02.E250-SetA.I500010.P2f_z_h.eL.pR.n003.d_dstm_15162_7.slcio'
+ sed -e '/<!-- OUTPUT2.root -->/i /group/ilc/users/yokugawa/QQbar250/l5/eLpR/15162/proc_2021/QQbarProcessor_out/rv02-02.sv02-02.mILD_l5_o1_v02.E250-SetA.I500010.P2f_z_h.eL.pR.n003.d_dstm_15162_7.root'
+ sed -e '/<!-- OUTPUT1.root -->/i /group/ilc/users/yokugawa/QQbar250/l5/eLpR/15162/proc_2021/vertex_restorer_out/rv02-02.sv02-02.mILD_l5_o1_v02.E250-SetA.I500010.P2f_z_h.eL.pR.n003.d_dstm_15162_7_VR.root'
+ sed -e '/<!-- INPUT.slcio -->/i /group/ilc/grid/storm/prod/ilc/mc-2020/ild/dst-merged/250-SetA/2f_hadronic_eL_pR/ILD_l5_o1_v02/v02-02/00015162/000/rv02-02.sv02-02.mILD_l5_o1_v02.E250-SetA.I500010.P2f_z_h.eL.pR.n003.d_dstm_15162_7.slcio' qqbar250_steer.xml
+ /sw/ilc/ilcsoft/gcc820/v02-01-02/Marlin/v01-17-01/bin/Marlin ./myxml/rv02-02.sv02-02.mILD_l5_o1_v02.E250-SetA.I500010.P2f_z_h.eL.pR.n003.d_dstm_15162_7.xml
+ echo '12 event finished'
12 event finished
