Sender: LSF System <lsfadmin@ccb046>
Subject: Job 85261844: <ana009> in cluster <centralcluster> Done

Job <ana009> was submitted from host <ccw05> by user <yokugawa> in cluster <centralcluster> at Fri Feb 26 01:26:09 2021
Job was executed on host(s) <ccb046>, in queue <s>, as user <yokugawa> in cluster <centralcluster> at Fri Feb 26 01:26:10 2021
</home/ilc/yokugawa> was used as the home directory.
</home/ilc/yokugawa/QQbarAnalysis/scripts/scripts_kekcc> was used as the working directory.
Started at Fri Feb 26 01:26:10 2021
Terminated at Fri Feb 26 02:10:28 2021
Results reported at Fri Feb 26 02:10:28 2021

Your job looked like:

------------------------------------------------------------
# LSBATCH: User input
./runMarlin2 list/15162_l5.list 25 27 qqbar250_steer.xml l5 eLpR 15162
------------------------------------------------------------

Successfully completed.

Resource usage summary:

    CPU time :                                   2621.20 sec.
    Max Memory :                                 612 MB
    Average Memory :                             469.63 MB
    Total Requested Memory :                     4000.00 MB
    Delta Memory :                               3388.00 MB
    Max Swap :                                   -
    Max Processes :                              4
    Max Threads :                                5
    Run time :                                   2659 sec.
    Turnaround time :                            2659 sec.

The output (if any) follows:

+ flist=list/15162_l5.list
+ start=25
+ end=27
+ inputxml=qqbar250_steer.xml
+ model=l5
+ chiral=eLpR
+ id=15162
+ outputDir=/group/ilc/users/yokugawa/QQbar250/l5/eLpR/15162/proc_2021
+ logDir=./log
+ tmpxmlDir=./tmpxml
+ xmlDir=./myxml
++ seq 25 27
+ for count in '$(seq $start $end)'
++ tail -1
++ head -25 list/15162_l5.list
+ input=/group/ilc/grid/storm/prod/ilc/mc-2020/ild/dst-merged/250-SetA/2f_hadronic_eL_pR/ILD_l5_o1_v02/v02-02/00015162/000/rv02-02.sv02-02.mILD_l5_o1_v02.E250-SetA.I500010.P2f_z_h.eL.pR.n005.d_dstm_15162_24.slcio
+ echo /group/ilc/grid/storm/prod/ilc/mc-2020/ild/dst-merged/250-SetA/2f_hadronic_eL_pR/ILD_l5_o1_v02/v02-02/00015162/000/rv02-02.sv02-02.mILD_l5_o1_v02.E250-SetA.I500010.P2f_z_h.eL.pR.n005.d_dstm_15162_24.slcio
/group/ilc/grid/storm/prod/ilc/mc-2020/ild/dst-merged/250-SetA/2f_hadronic_eL_pR/ILD_l5_o1_v02/v02-02/00015162/000/rv02-02.sv02-02.mILD_l5_o1_v02.E250-SetA.I500010.P2f_z_h.eL.pR.n005.d_dstm_15162_24.slcio
++ basename /group/ilc/grid/storm/prod/ilc/mc-2020/ild/dst-merged/250-SetA/2f_hadronic_eL_pR/ILD_l5_o1_v02/v02-02/00015162/000/rv02-02.sv02-02.mILD_l5_o1_v02.E250-SetA.I500010.P2f_z_h.eL.pR.n005.d_dstm_15162_24.slcio
+ filename=rv02-02.sv02-02.mILD_l5_o1_v02.E250-SetA.I500010.P2f_z_h.eL.pR.n005.d_dstm_15162_24.slcio
+ filename=rv02-02.sv02-02.mILD_l5_o1_v02.E250-SetA.I500010.P2f_z_h.eL.pR.n005.d_dstm_15162_24
+ echo rv02-02.sv02-02.mILD_l5_o1_v02.E250-SetA.I500010.P2f_z_h.eL.pR.n005.d_dstm_15162_24
rv02-02.sv02-02.mILD_l5_o1_v02.E250-SetA.I500010.P2f_z_h.eL.pR.n005.d_dstm_15162_24
+ tmpxml=./tmpxml/rv02-02.sv02-02.mILD_l5_o1_v02.E250-SetA.I500010.P2f_z_h.eL.pR.n005.d_dstm_15162_24.xml
+ lastxml=./myxml/rv02-02.sv02-02.mILD_l5_o1_v02.E250-SetA.I500010.P2f_z_h.eL.pR.n005.d_dstm_15162_24.xml
+ log=./log/rv02-02.sv02-02.mILD_l5_o1_v02.E250-SetA.I500010.P2f_z_h.eL.pR.n005.d_dstm_15162_24.log
+ rootout1=/group/ilc/users/yokugawa/QQbar250/l5/eLpR/15162/proc_2021/vertex_restorer_out/rv02-02.sv02-02.mILD_l5_o1_v02.E250-SetA.I500010.P2f_z_h.eL.pR.n005.d_dstm_15162_24_VR.root
+ rootout2=/group/ilc/users/yokugawa/QQbar250/l5/eLpR/15162/proc_2021/QQbarProcessor_out/rv02-02.sv02-02.mILD_l5_o1_v02.E250-SetA.I500010.P2f_z_h.eL.pR.n005.d_dstm_15162_24.root
+ slcioout=/hsm/ilc/users/yokugawa/QQbar250/l5/eLpR/15162/000/rv02-02.sv02-02.mILD_l5_o1_v02.E250-SetA.I500010.P2f_z_h.eL.pR.n005.d_dstm_15162_24.slcio
+ sed -e '/<!-- OUTPUT.slcio -->/i /hsm/ilc/users/yokugawa/QQbar250/l5/eLpR/15162/000/rv02-02.sv02-02.mILD_l5_o1_v02.E250-SetA.I500010.P2f_z_h.eL.pR.n005.d_dstm_15162_24.slcio'
+ sed -e '/<!-- OUTPUT2.root -->/i /group/ilc/users/yokugawa/QQbar250/l5/eLpR/15162/proc_2021/QQbarProcessor_out/rv02-02.sv02-02.mILD_l5_o1_v02.E250-SetA.I500010.P2f_z_h.eL.pR.n005.d_dstm_15162_24.root'
+ sed -e '/<!-- OUTPUT1.root -->/i /group/ilc/users/yokugawa/QQbar250/l5/eLpR/15162/proc_2021/vertex_restorer_out/rv02-02.sv02-02.mILD_l5_o1_v02.E250-SetA.I500010.P2f_z_h.eL.pR.n005.d_dstm_15162_24_VR.root'
+ sed -e '/<!-- INPUT.slcio -->/i /group/ilc/grid/storm/prod/ilc/mc-2020/ild/dst-merged/250-SetA/2f_hadronic_eL_pR/ILD_l5_o1_v02/v02-02/00015162/000/rv02-02.sv02-02.mILD_l5_o1_v02.E250-SetA.I500010.P2f_z_h.eL.pR.n005.d_dstm_15162_24.slcio' qqbar250_steer.xml
+ /sw/ilc/ilcsoft/gcc820/v02-01-02/Marlin/v01-17-01/bin/Marlin ./myxml/rv02-02.sv02-02.mILD_l5_o1_v02.E250-SetA.I500010.P2f_z_h.eL.pR.n005.d_dstm_15162_24.xml
+ echo '25 event finished'
25 event finished
+ for count in '$(seq $start $end)'
++ tail -1
++ head -26 list/15162_l5.list
+ input=/group/ilc/grid/storm/prod/ilc/mc-2020/ild/dst-merged/250-SetA/2f_hadronic_eL_pR/ILD_l5_o1_v02/v02-02/00015162/000/rv02-02.sv02-02.mILD_l5_o1_v02.E250-SetA.I500010.P2f_z_h.eL.pR.n005.d_dstm_15162_25.slcio
+ echo /group/ilc/grid/storm/prod/ilc/mc-2020/ild/dst-merged/250-SetA/2f_hadronic_eL_pR/ILD_l5_o1_v02/v02-02/00015162/000/rv02-02.sv02-02.mILD_l5_o1_v02.E250-SetA.I500010.P2f_z_h.eL.pR.n005.d_dstm_15162_25.slcio
/group/ilc/grid/storm/prod/ilc/mc-2020/ild/dst-merged/250-SetA/2f_hadronic_eL_pR/ILD_l5_o1_v02/v02-02/00015162/000/rv02-02.sv02-02.mILD_l5_o1_v02.E250-SetA.I500010.P2f_z_h.eL.pR.n005.d_dstm_15162_25.slcio
++ basename /group/ilc/grid/storm/prod/ilc/mc-2020/ild/dst-merged/250-SetA/2f_hadronic_eL_pR/ILD_l5_o1_v02/v02-02/00015162/000/rv02-02.sv02-02.mILD_l5_o1_v02.E250-SetA.I500010.P2f_z_h.eL.pR.n005.d_dstm_15162_25.slcio
+ filename=rv02-02.sv02-02.mILD_l5_o1_v02.E250-SetA.I500010.P2f_z_h.eL.pR.n005.d_dstm_15162_25.slcio
+ filename=rv02-02.sv02-02.mILD_l5_o1_v02.E250-SetA.I500010.P2f_z_h.eL.pR.n005.d_dstm_15162_25
+ echo rv02-02.sv02-02.mILD_l5_o1_v02.E250-SetA.I500010.P2f_z_h.eL.pR.n005.d_dstm_15162_25
rv02-02.sv02-02.mILD_l5_o1_v02.E250-SetA.I500010.P2f_z_h.eL.pR.n005.d_dstm_15162_25
+ tmpxml=./tmpxml/rv02-02.sv02-02.mILD_l5_o1_v02.E250-SetA.I500010.P2f_z_h.eL.pR.n005.d_dstm_15162_25.xml
+ lastxml=./myxml/rv02-02.sv02-02.mILD_l5_o1_v02.E250-SetA.I500010.P2f_z_h.eL.pR.n005.d_dstm_15162_25.xml
+ log=./log/rv02-02.sv02-02.mILD_l5_o1_v02.E250-SetA.I500010.P2f_z_h.eL.pR.n005.d_dstm_15162_25.log
+ rootout1=/group/ilc/users/yokugawa/QQbar250/l5/eLpR/15162/proc_2021/vertex_restorer_out/rv02-02.sv02-02.mILD_l5_o1_v02.E250-SetA.I500010.P2f_z_h.eL.pR.n005.d_dstm_15162_25_VR.root
+ rootout2=/group/ilc/users/yokugawa/QQbar250/l5/eLpR/15162/proc_2021/QQbarProcessor_out/rv02-02.sv02-02.mILD_l5_o1_v02.E250-SetA.I500010.P2f_z_h.eL.pR.n005.d_dstm_15162_25.root
+ slcioout=/hsm/ilc/users/yokugawa/QQbar250/l5/eLpR/15162/000/rv02-02.sv02-02.mILD_l5_o1_v02.E250-SetA.I500010.P2f_z_h.eL.pR.n005.d_dstm_15162_25.slcio
+ sed -e '/<!-- OUTPUT.slcio -->/i /hsm/ilc/users/yokugawa/QQbar250/l5/eLpR/15162/000/rv02-02.sv02-02.mILD_l5_o1_v02.E250-SetA.I500010.P2f_z_h.eL.pR.n005.d_dstm_15162_25.slcio'
+ sed -e '/<!-- OUTPUT2.root -->/i /group/ilc/users/yokugawa/QQbar250/l5/eLpR/15162/proc_2021/QQbarProcessor_out/rv02-02.sv02-02.mILD_l5_o1_v02.E250-SetA.I500010.P2f_z_h.eL.pR.n005.d_dstm_15162_25.root'
+ sed -e '/<!-- OUTPUT1.root -->/i /group/ilc/users/yokugawa/QQbar250/l5/eLpR/15162/proc_2021/vertex_restorer_out/rv02-02.sv02-02.mILD_l5_o1_v02.E250-SetA.I500010.P2f_z_h.eL.pR.n005.d_dstm_15162_25_VR.root'
+ sed -e '/<!-- INPUT.slcio -->/i /group/ilc/grid/storm/prod/ilc/mc-2020/ild/dst-merged/250-SetA/2f_hadronic_eL_pR/ILD_l5_o1_v02/v02-02/00015162/000/rv02-02.sv02-02.mILD_l5_o1_v02.E250-SetA.I500010.P2f_z_h.eL.pR.n005.d_dstm_15162_25.slcio' qqbar250_steer.xml
+ /sw/ilc/ilcsoft/gcc820/v02-01-02/Marlin/v01-17-01/bin/Marlin ./myxml/rv02-02.sv02-02.mILD_l5_o1_v02.E250-SetA.I500010.P2f_z_h.eL.pR.n005.d_dstm_15162_25.xml
+ echo '26 event finished'
26 event finished
+ for count in '$(seq $start $end)'
++ tail -1
++ head -27 list/15162_l5.list
+ input=/group/ilc/grid/storm/prod/ilc/mc-2020/ild/dst-merged/250-SetA/2f_hadronic_eL_pR/ILD_l5_o1_v02/v02-02/00015162/000/rv02-02.sv02-02.mILD_l5_o1_v02.E250-SetA.I500010.P2f_z_h.eL.pR.n005.d_dstm_15162_26.slcio
+ echo /group/ilc/grid/storm/prod/ilc/mc-2020/ild/dst-merged/250-SetA/2f_hadronic_eL_pR/ILD_l5_o1_v02/v02-02/00015162/000/rv02-02.sv02-02.mILD_l5_o1_v02.E250-SetA.I500010.P2f_z_h.eL.pR.n005.d_dstm_15162_26.slcio
/group/ilc/grid/storm/prod/ilc/mc-2020/ild/dst-merged/250-SetA/2f_hadronic_eL_pR/ILD_l5_o1_v02/v02-02/00015162/000/rv02-02.sv02-02.mILD_l5_o1_v02.E250-SetA.I500010.P2f_z_h.eL.pR.n005.d_dstm_15162_26.slcio
++ basename /group/ilc/grid/storm/prod/ilc/mc-2020/ild/dst-merged/250-SetA/2f_hadronic_eL_pR/ILD_l5_o1_v02/v02-02/00015162/000/rv02-02.sv02-02.mILD_l5_o1_v02.E250-SetA.I500010.P2f_z_h.eL.pR.n005.d_dstm_15162_26.slcio
+ filename=rv02-02.sv02-02.mILD_l5_o1_v02.E250-SetA.I500010.P2f_z_h.eL.pR.n005.d_dstm_15162_26.slcio
+ filename=rv02-02.sv02-02.mILD_l5_o1_v02.E250-SetA.I500010.P2f_z_h.eL.pR.n005.d_dstm_15162_26
+ echo rv02-02.sv02-02.mILD_l5_o1_v02.E250-SetA.I500010.P2f_z_h.eL.pR.n005.d_dstm_15162_26
rv02-02.sv02-02.mILD_l5_o1_v02.E250-SetA.I500010.P2f_z_h.eL.pR.n005.d_dstm_15162_26
+ tmpxml=./tmpxml/rv02-02.sv02-02.mILD_l5_o1_v02.E250-SetA.I500010.P2f_z_h.eL.pR.n005.d_dstm_15162_26.xml
+ lastxml=./myxml/rv02-02.sv02-02.mILD_l5_o1_v02.E250-SetA.I500010.P2f_z_h.eL.pR.n005.d_dstm_15162_26.xml
+ log=./log/rv02-02.sv02-02.mILD_l5_o1_v02.E250-SetA.I500010.P2f_z_h.eL.pR.n005.d_dstm_15162_26.log
+ rootout1=/group/ilc/users/yokugawa/QQbar250/l5/eLpR/15162/proc_2021/vertex_restorer_out/rv02-02.sv02-02.mILD_l5_o1_v02.E250-SetA.I500010.P2f_z_h.eL.pR.n005.d_dstm_15162_26_VR.root
+ rootout2=/group/ilc/users/yokugawa/QQbar250/l5/eLpR/15162/proc_2021/QQbarProcessor_out/rv02-02.sv02-02.mILD_l5_o1_v02.E250-SetA.I500010.P2f_z_h.eL.pR.n005.d_dstm_15162_26.root
+ slcioout=/hsm/ilc/users/yokugawa/QQbar250/l5/eLpR/15162/000/rv02-02.sv02-02.mILD_l5_o1_v02.E250-SetA.I500010.P2f_z_h.eL.pR.n005.d_dstm_15162_26.slcio
+ sed -e '/<!-- OUTPUT.slcio -->/i /hsm/ilc/users/yokugawa/QQbar250/l5/eLpR/15162/000/rv02-02.sv02-02.mILD_l5_o1_v02.E250-SetA.I500010.P2f_z_h.eL.pR.n005.d_dstm_15162_26.slcio'
+ sed -e '/<!-- OUTPUT2.root -->/i /group/ilc/users/yokugawa/QQbar250/l5/eLpR/15162/proc_2021/QQbarProcessor_out/rv02-02.sv02-02.mILD_l5_o1_v02.E250-SetA.I500010.P2f_z_h.eL.pR.n005.d_dstm_15162_26.root'
+ sed -e '/<!-- OUTPUT1.root -->/i /group/ilc/users/yokugawa/QQbar250/l5/eLpR/15162/proc_2021/vertex_restorer_out/rv02-02.sv02-02.mILD_l5_o1_v02.E250-SetA.I500010.P2f_z_h.eL.pR.n005.d_dstm_15162_26_VR.root'
+ sed -e '/<!-- INPUT.slcio -->/i /group/ilc/grid/storm/prod/ilc/mc-2020/ild/dst-merged/250-SetA/2f_hadronic_eL_pR/ILD_l5_o1_v02/v02-02/00015162/000/rv02-02.sv02-02.mILD_l5_o1_v02.E250-SetA.I500010.P2f_z_h.eL.pR.n005.d_dstm_15162_26.slcio' qqbar250_steer.xml
+ /sw/ilc/ilcsoft/gcc820/v02-01-02/Marlin/v01-17-01/bin/Marlin ./myxml/rv02-02.sv02-02.mILD_l5_o1_v02.E250-SetA.I500010.P2f_z_h.eL.pR.n005.d_dstm_15162_26.xml
+ echo '27 event finished'
27 event finished
