Sender: LSF System <lsfadmin@ccb182>
Subject: Job 85261832: <ana007> in cluster <centralcluster> Done

Job <ana007> was submitted from host <ccw05> by user <yokugawa> in cluster <centralcluster> at Fri Feb 26 01:26:07 2021
Job was executed on host(s) <ccb182>, in queue <s>, as user <yokugawa> in cluster <centralcluster> at Fri Feb 26 01:26:09 2021
</home/ilc/yokugawa> was used as the home directory.
</home/ilc/yokugawa/QQbarAnalysis/scripts/scripts_kekcc> was used as the working directory.
Started at Fri Feb 26 01:26:09 2021
Terminated at Fri Feb 26 02:12:40 2021
Results reported at Fri Feb 26 02:12:40 2021

Your job looked like:

------------------------------------------------------------
# LSBATCH: User input
./runMarlin2 list/15162_l5.list 19 21 qqbar250_steer.xml l5 eLpR 15162
------------------------------------------------------------

Successfully completed.

Resource usage summary:

    CPU time :                                   2736.16 sec.
    Max Memory :                                 611 MB
    Average Memory :                             469.03 MB
    Total Requested Memory :                     4000.00 MB
    Delta Memory :                               3389.00 MB
    Max Swap :                                   -
    Max Processes :                              4
    Max Threads :                                5
    Run time :                                   2790 sec.
    Turnaround time :                            2793 sec.

The output (if any) follows:

+ flist=list/15162_l5.list
+ start=19
+ end=21
+ inputxml=qqbar250_steer.xml
+ model=l5
+ chiral=eLpR
+ id=15162
+ outputDir=/group/ilc/users/yokugawa/QQbar250/l5/eLpR/15162/proc_2021
+ logDir=./log
+ tmpxmlDir=./tmpxml
+ xmlDir=./myxml
++ seq 19 21
+ for count in '$(seq $start $end)'
++ tail -1
++ head -19 list/15162_l5.list
+ input=/group/ilc/grid/storm/prod/ilc/mc-2020/ild/dst-merged/250-SetA/2f_hadronic_eL_pR/ILD_l5_o1_v02/v02-02/00015162/000/rv02-02.sv02-02.mILD_l5_o1_v02.E250-SetA.I500010.P2f_z_h.eL.pR.n004.d_dstm_15162_18.slcio
+ echo /group/ilc/grid/storm/prod/ilc/mc-2020/ild/dst-merged/250-SetA/2f_hadronic_eL_pR/ILD_l5_o1_v02/v02-02/00015162/000/rv02-02.sv02-02.mILD_l5_o1_v02.E250-SetA.I500010.P2f_z_h.eL.pR.n004.d_dstm_15162_18.slcio
/group/ilc/grid/storm/prod/ilc/mc-2020/ild/dst-merged/250-SetA/2f_hadronic_eL_pR/ILD_l5_o1_v02/v02-02/00015162/000/rv02-02.sv02-02.mILD_l5_o1_v02.E250-SetA.I500010.P2f_z_h.eL.pR.n004.d_dstm_15162_18.slcio
++ basename /group/ilc/grid/storm/prod/ilc/mc-2020/ild/dst-merged/250-SetA/2f_hadronic_eL_pR/ILD_l5_o1_v02/v02-02/00015162/000/rv02-02.sv02-02.mILD_l5_o1_v02.E250-SetA.I500010.P2f_z_h.eL.pR.n004.d_dstm_15162_18.slcio
+ filename=rv02-02.sv02-02.mILD_l5_o1_v02.E250-SetA.I500010.P2f_z_h.eL.pR.n004.d_dstm_15162_18.slcio
+ filename=rv02-02.sv02-02.mILD_l5_o1_v02.E250-SetA.I500010.P2f_z_h.eL.pR.n004.d_dstm_15162_18
+ echo rv02-02.sv02-02.mILD_l5_o1_v02.E250-SetA.I500010.P2f_z_h.eL.pR.n004.d_dstm_15162_18
rv02-02.sv02-02.mILD_l5_o1_v02.E250-SetA.I500010.P2f_z_h.eL.pR.n004.d_dstm_15162_18
+ tmpxml=./tmpxml/rv02-02.sv02-02.mILD_l5_o1_v02.E250-SetA.I500010.P2f_z_h.eL.pR.n004.d_dstm_15162_18.xml
+ lastxml=./myxml/rv02-02.sv02-02.mILD_l5_o1_v02.E250-SetA.I500010.P2f_z_h.eL.pR.n004.d_dstm_15162_18.xml
+ log=./log/rv02-02.sv02-02.mILD_l5_o1_v02.E250-SetA.I500010.P2f_z_h.eL.pR.n004.d_dstm_15162_18.log
+ rootout1=/group/ilc/users/yokugawa/QQbar250/l5/eLpR/15162/proc_2021/vertex_restorer_out/rv02-02.sv02-02.mILD_l5_o1_v02.E250-SetA.I500010.P2f_z_h.eL.pR.n004.d_dstm_15162_18_VR.root
+ rootout2=/group/ilc/users/yokugawa/QQbar250/l5/eLpR/15162/proc_2021/QQbarProcessor_out/rv02-02.sv02-02.mILD_l5_o1_v02.E250-SetA.I500010.P2f_z_h.eL.pR.n004.d_dstm_15162_18.root
+ slcioout=/hsm/ilc/users/yokugawa/QQbar250/l5/eLpR/15162/000/rv02-02.sv02-02.mILD_l5_o1_v02.E250-SetA.I500010.P2f_z_h.eL.pR.n004.d_dstm_15162_18.slcio
+ sed -e '/<!-- OUTPUT.slcio -->/i /hsm/ilc/users/yokugawa/QQbar250/l5/eLpR/15162/000/rv02-02.sv02-02.mILD_l5_o1_v02.E250-SetA.I500010.P2f_z_h.eL.pR.n004.d_dstm_15162_18.slcio'
+ sed -e '/<!-- OUTPUT2.root -->/i /group/ilc/users/yokugawa/QQbar250/l5/eLpR/15162/proc_2021/QQbarProcessor_out/rv02-02.sv02-02.mILD_l5_o1_v02.E250-SetA.I500010.P2f_z_h.eL.pR.n004.d_dstm_15162_18.root'
+ sed -e '/<!-- OUTPUT1.root -->/i /group/ilc/users/yokugawa/QQbar250/l5/eLpR/15162/proc_2021/vertex_restorer_out/rv02-02.sv02-02.mILD_l5_o1_v02.E250-SetA.I500010.P2f_z_h.eL.pR.n004.d_dstm_15162_18_VR.root'
+ sed -e '/<!-- INPUT.slcio -->/i /group/ilc/grid/storm/prod/ilc/mc-2020/ild/dst-merged/250-SetA/2f_hadronic_eL_pR/ILD_l5_o1_v02/v02-02/00015162/000/rv02-02.sv02-02.mILD_l5_o1_v02.E250-SetA.I500010.P2f_z_h.eL.pR.n004.d_dstm_15162_18.slcio' qqbar250_steer.xml
+ /sw/ilc/ilcsoft/gcc820/v02-01-02/Marlin/v01-17-01/bin/Marlin ./myxml/rv02-02.sv02-02.mILD_l5_o1_v02.E250-SetA.I500010.P2f_z_h.eL.pR.n004.d_dstm_15162_18.xml
+ echo '19 event finished'
19 event finished
+ for count in '$(seq $start $end)'
++ tail -1
++ head -20 list/15162_l5.list
+ input=/group/ilc/grid/storm/prod/ilc/mc-2020/ild/dst-merged/250-SetA/2f_hadronic_eL_pR/ILD_l5_o1_v02/v02-02/00015162/000/rv02-02.sv02-02.mILD_l5_o1_v02.E250-SetA.I500010.P2f_z_h.eL.pR.n004.d_dstm_15162_19.slcio
+ echo /group/ilc/grid/storm/prod/ilc/mc-2020/ild/dst-merged/250-SetA/2f_hadronic_eL_pR/ILD_l5_o1_v02/v02-02/00015162/000/rv02-02.sv02-02.mILD_l5_o1_v02.E250-SetA.I500010.P2f_z_h.eL.pR.n004.d_dstm_15162_19.slcio
/group/ilc/grid/storm/prod/ilc/mc-2020/ild/dst-merged/250-SetA/2f_hadronic_eL_pR/ILD_l5_o1_v02/v02-02/00015162/000/rv02-02.sv02-02.mILD_l5_o1_v02.E250-SetA.I500010.P2f_z_h.eL.pR.n004.d_dstm_15162_19.slcio
++ basename /group/ilc/grid/storm/prod/ilc/mc-2020/ild/dst-merged/250-SetA/2f_hadronic_eL_pR/ILD_l5_o1_v02/v02-02/00015162/000/rv02-02.sv02-02.mILD_l5_o1_v02.E250-SetA.I500010.P2f_z_h.eL.pR.n004.d_dstm_15162_19.slcio
+ filename=rv02-02.sv02-02.mILD_l5_o1_v02.E250-SetA.I500010.P2f_z_h.eL.pR.n004.d_dstm_15162_19.slcio
+ filename=rv02-02.sv02-02.mILD_l5_o1_v02.E250-SetA.I500010.P2f_z_h.eL.pR.n004.d_dstm_15162_19
+ echo rv02-02.sv02-02.mILD_l5_o1_v02.E250-SetA.I500010.P2f_z_h.eL.pR.n004.d_dstm_15162_19
rv02-02.sv02-02.mILD_l5_o1_v02.E250-SetA.I500010.P2f_z_h.eL.pR.n004.d_dstm_15162_19
+ tmpxml=./tmpxml/rv02-02.sv02-02.mILD_l5_o1_v02.E250-SetA.I500010.P2f_z_h.eL.pR.n004.d_dstm_15162_19.xml
+ lastxml=./myxml/rv02-02.sv02-02.mILD_l5_o1_v02.E250-SetA.I500010.P2f_z_h.eL.pR.n004.d_dstm_15162_19.xml
+ log=./log/rv02-02.sv02-02.mILD_l5_o1_v02.E250-SetA.I500010.P2f_z_h.eL.pR.n004.d_dstm_15162_19.log
+ rootout1=/group/ilc/users/yokugawa/QQbar250/l5/eLpR/15162/proc_2021/vertex_restorer_out/rv02-02.sv02-02.mILD_l5_o1_v02.E250-SetA.I500010.P2f_z_h.eL.pR.n004.d_dstm_15162_19_VR.root
+ rootout2=/group/ilc/users/yokugawa/QQbar250/l5/eLpR/15162/proc_2021/QQbarProcessor_out/rv02-02.sv02-02.mILD_l5_o1_v02.E250-SetA.I500010.P2f_z_h.eL.pR.n004.d_dstm_15162_19.root
+ slcioout=/hsm/ilc/users/yokugawa/QQbar250/l5/eLpR/15162/000/rv02-02.sv02-02.mILD_l5_o1_v02.E250-SetA.I500010.P2f_z_h.eL.pR.n004.d_dstm_15162_19.slcio
+ sed -e '/<!-- OUTPUT.slcio -->/i /hsm/ilc/users/yokugawa/QQbar250/l5/eLpR/15162/000/rv02-02.sv02-02.mILD_l5_o1_v02.E250-SetA.I500010.P2f_z_h.eL.pR.n004.d_dstm_15162_19.slcio'
+ sed -e '/<!-- OUTPUT2.root -->/i /group/ilc/users/yokugawa/QQbar250/l5/eLpR/15162/proc_2021/QQbarProcessor_out/rv02-02.sv02-02.mILD_l5_o1_v02.E250-SetA.I500010.P2f_z_h.eL.pR.n004.d_dstm_15162_19.root'
+ sed -e '/<!-- OUTPUT1.root -->/i /group/ilc/users/yokugawa/QQbar250/l5/eLpR/15162/proc_2021/vertex_restorer_out/rv02-02.sv02-02.mILD_l5_o1_v02.E250-SetA.I500010.P2f_z_h.eL.pR.n004.d_dstm_15162_19_VR.root'
+ sed -e '/<!-- INPUT.slcio -->/i /group/ilc/grid/storm/prod/ilc/mc-2020/ild/dst-merged/250-SetA/2f_hadronic_eL_pR/ILD_l5_o1_v02/v02-02/00015162/000/rv02-02.sv02-02.mILD_l5_o1_v02.E250-SetA.I500010.P2f_z_h.eL.pR.n004.d_dstm_15162_19.slcio' qqbar250_steer.xml
+ /sw/ilc/ilcsoft/gcc820/v02-01-02/Marlin/v01-17-01/bin/Marlin ./myxml/rv02-02.sv02-02.mILD_l5_o1_v02.E250-SetA.I500010.P2f_z_h.eL.pR.n004.d_dstm_15162_19.xml
+ echo '20 event finished'
20 event finished
+ for count in '$(seq $start $end)'
++ tail -1
++ head -21 list/15162_l5.list
+ input=/group/ilc/grid/storm/prod/ilc/mc-2020/ild/dst-merged/250-SetA/2f_hadronic_eL_pR/ILD_l5_o1_v02/v02-02/00015162/000/rv02-02.sv02-02.mILD_l5_o1_v02.E250-SetA.I500010.P2f_z_h.eL.pR.n005.d_dstm_15162_20.slcio
+ echo /group/ilc/grid/storm/prod/ilc/mc-2020/ild/dst-merged/250-SetA/2f_hadronic_eL_pR/ILD_l5_o1_v02/v02-02/00015162/000/rv02-02.sv02-02.mILD_l5_o1_v02.E250-SetA.I500010.P2f_z_h.eL.pR.n005.d_dstm_15162_20.slcio
/group/ilc/grid/storm/prod/ilc/mc-2020/ild/dst-merged/250-SetA/2f_hadronic_eL_pR/ILD_l5_o1_v02/v02-02/00015162/000/rv02-02.sv02-02.mILD_l5_o1_v02.E250-SetA.I500010.P2f_z_h.eL.pR.n005.d_dstm_15162_20.slcio
++ basename /group/ilc/grid/storm/prod/ilc/mc-2020/ild/dst-merged/250-SetA/2f_hadronic_eL_pR/ILD_l5_o1_v02/v02-02/00015162/000/rv02-02.sv02-02.mILD_l5_o1_v02.E250-SetA.I500010.P2f_z_h.eL.pR.n005.d_dstm_15162_20.slcio
+ filename=rv02-02.sv02-02.mILD_l5_o1_v02.E250-SetA.I500010.P2f_z_h.eL.pR.n005.d_dstm_15162_20.slcio
+ filename=rv02-02.sv02-02.mILD_l5_o1_v02.E250-SetA.I500010.P2f_z_h.eL.pR.n005.d_dstm_15162_20
+ echo rv02-02.sv02-02.mILD_l5_o1_v02.E250-SetA.I500010.P2f_z_h.eL.pR.n005.d_dstm_15162_20
rv02-02.sv02-02.mILD_l5_o1_v02.E250-SetA.I500010.P2f_z_h.eL.pR.n005.d_dstm_15162_20
+ tmpxml=./tmpxml/rv02-02.sv02-02.mILD_l5_o1_v02.E250-SetA.I500010.P2f_z_h.eL.pR.n005.d_dstm_15162_20.xml
+ lastxml=./myxml/rv02-02.sv02-02.mILD_l5_o1_v02.E250-SetA.I500010.P2f_z_h.eL.pR.n005.d_dstm_15162_20.xml
+ log=./log/rv02-02.sv02-02.mILD_l5_o1_v02.E250-SetA.I500010.P2f_z_h.eL.pR.n005.d_dstm_15162_20.log
+ rootout1=/group/ilc/users/yokugawa/QQbar250/l5/eLpR/15162/proc_2021/vertex_restorer_out/rv02-02.sv02-02.mILD_l5_o1_v02.E250-SetA.I500010.P2f_z_h.eL.pR.n005.d_dstm_15162_20_VR.root
+ rootout2=/group/ilc/users/yokugawa/QQbar250/l5/eLpR/15162/proc_2021/QQbarProcessor_out/rv02-02.sv02-02.mILD_l5_o1_v02.E250-SetA.I500010.P2f_z_h.eL.pR.n005.d_dstm_15162_20.root
+ slcioout=/hsm/ilc/users/yokugawa/QQbar250/l5/eLpR/15162/000/rv02-02.sv02-02.mILD_l5_o1_v02.E250-SetA.I500010.P2f_z_h.eL.pR.n005.d_dstm_15162_20.slcio
+ sed -e '/<!-- OUTPUT.slcio -->/i /hsm/ilc/users/yokugawa/QQbar250/l5/eLpR/15162/000/rv02-02.sv02-02.mILD_l5_o1_v02.E250-SetA.I500010.P2f_z_h.eL.pR.n005.d_dstm_15162_20.slcio'
+ sed -e '/<!-- OUTPUT2.root -->/i /group/ilc/users/yokugawa/QQbar250/l5/eLpR/15162/proc_2021/QQbarProcessor_out/rv02-02.sv02-02.mILD_l5_o1_v02.E250-SetA.I500010.P2f_z_h.eL.pR.n005.d_dstm_15162_20.root'
+ sed -e '/<!-- OUTPUT1.root -->/i /group/ilc/users/yokugawa/QQbar250/l5/eLpR/15162/proc_2021/vertex_restorer_out/rv02-02.sv02-02.mILD_l5_o1_v02.E250-SetA.I500010.P2f_z_h.eL.pR.n005.d_dstm_15162_20_VR.root'
+ sed -e '/<!-- INPUT.slcio -->/i /group/ilc/grid/storm/prod/ilc/mc-2020/ild/dst-merged/250-SetA/2f_hadronic_eL_pR/ILD_l5_o1_v02/v02-02/00015162/000/rv02-02.sv02-02.mILD_l5_o1_v02.E250-SetA.I500010.P2f_z_h.eL.pR.n005.d_dstm_15162_20.slcio' qqbar250_steer.xml
+ /sw/ilc/ilcsoft/gcc820/v02-01-02/Marlin/v01-17-01/bin/Marlin ./myxml/rv02-02.sv02-02.mILD_l5_o1_v02.E250-SetA.I500010.P2f_z_h.eL.pR.n005.d_dstm_15162_20.xml
+ echo '21 event finished'
21 event finished
