Sender: LSF System <lsfadmin@ccb082>
Subject: Job 85261826: <ana006> in cluster <centralcluster> Done

Job <ana006> was submitted from host <ccw05> by user <yokugawa> in cluster <centralcluster> at Fri Feb 26 01:26:06 2021
Job was executed on host(s) <ccb082>, in queue <s>, as user <yokugawa> in cluster <centralcluster> at Fri Feb 26 01:26:09 2021
</home/ilc/yokugawa> was used as the home directory.
</home/ilc/yokugawa/QQbarAnalysis/scripts/scripts_kekcc> was used as the working directory.
Started at Fri Feb 26 01:26:09 2021
Terminated at Fri Feb 26 02:08:52 2021
Results reported at Fri Feb 26 02:08:52 2021

Your job looked like:

------------------------------------------------------------
# LSBATCH: User input
./runMarlin2 list/15162_l5.list 16 18 qqbar250_steer.xml l5 eLpR 15162
------------------------------------------------------------

Successfully completed.

Resource usage summary:

    CPU time :                                   2522.08 sec.
    Max Memory :                                 611 MB
    Average Memory :                             471.09 MB
    Total Requested Memory :                     4000.00 MB
    Delta Memory :                               3389.00 MB
    Max Swap :                                   -
    Max Processes :                              4
    Max Threads :                                5
    Run time :                                   2564 sec.
    Turnaround time :                            2566 sec.

The output (if any) follows:

+ flist=list/15162_l5.list
+ start=16
+ end=18
+ inputxml=qqbar250_steer.xml
+ model=l5
+ chiral=eLpR
+ id=15162
+ outputDir=/group/ilc/users/yokugawa/QQbar250/l5/eLpR/15162/proc_2021
+ logDir=./log
+ tmpxmlDir=./tmpxml
+ xmlDir=./myxml
++ seq 16 18
+ for count in '$(seq $start $end)'
++ tail -1
++ head -16 list/15162_l5.list
+ input=/group/ilc/grid/storm/prod/ilc/mc-2020/ild/dst-merged/250-SetA/2f_hadronic_eL_pR/ILD_l5_o1_v02/v02-02/00015162/000/rv02-02.sv02-02.mILD_l5_o1_v02.E250-SetA.I500010.P2f_z_h.eL.pR.n004.d_dstm_15162_15.slcio
+ echo /group/ilc/grid/storm/prod/ilc/mc-2020/ild/dst-merged/250-SetA/2f_hadronic_eL_pR/ILD_l5_o1_v02/v02-02/00015162/000/rv02-02.sv02-02.mILD_l5_o1_v02.E250-SetA.I500010.P2f_z_h.eL.pR.n004.d_dstm_15162_15.slcio
/group/ilc/grid/storm/prod/ilc/mc-2020/ild/dst-merged/250-SetA/2f_hadronic_eL_pR/ILD_l5_o1_v02/v02-02/00015162/000/rv02-02.sv02-02.mILD_l5_o1_v02.E250-SetA.I500010.P2f_z_h.eL.pR.n004.d_dstm_15162_15.slcio
++ basename /group/ilc/grid/storm/prod/ilc/mc-2020/ild/dst-merged/250-SetA/2f_hadronic_eL_pR/ILD_l5_o1_v02/v02-02/00015162/000/rv02-02.sv02-02.mILD_l5_o1_v02.E250-SetA.I500010.P2f_z_h.eL.pR.n004.d_dstm_15162_15.slcio
+ filename=rv02-02.sv02-02.mILD_l5_o1_v02.E250-SetA.I500010.P2f_z_h.eL.pR.n004.d_dstm_15162_15.slcio
+ filename=rv02-02.sv02-02.mILD_l5_o1_v02.E250-SetA.I500010.P2f_z_h.eL.pR.n004.d_dstm_15162_15
+ echo rv02-02.sv02-02.mILD_l5_o1_v02.E250-SetA.I500010.P2f_z_h.eL.pR.n004.d_dstm_15162_15
rv02-02.sv02-02.mILD_l5_o1_v02.E250-SetA.I500010.P2f_z_h.eL.pR.n004.d_dstm_15162_15
+ tmpxml=./tmpxml/rv02-02.sv02-02.mILD_l5_o1_v02.E250-SetA.I500010.P2f_z_h.eL.pR.n004.d_dstm_15162_15.xml
+ lastxml=./myxml/rv02-02.sv02-02.mILD_l5_o1_v02.E250-SetA.I500010.P2f_z_h.eL.pR.n004.d_dstm_15162_15.xml
+ log=./log/rv02-02.sv02-02.mILD_l5_o1_v02.E250-SetA.I500010.P2f_z_h.eL.pR.n004.d_dstm_15162_15.log
+ rootout1=/group/ilc/users/yokugawa/QQbar250/l5/eLpR/15162/proc_2021/vertex_restorer_out/rv02-02.sv02-02.mILD_l5_o1_v02.E250-SetA.I500010.P2f_z_h.eL.pR.n004.d_dstm_15162_15_VR.root
+ rootout2=/group/ilc/users/yokugawa/QQbar250/l5/eLpR/15162/proc_2021/QQbarProcessor_out/rv02-02.sv02-02.mILD_l5_o1_v02.E250-SetA.I500010.P2f_z_h.eL.pR.n004.d_dstm_15162_15.root
+ slcioout=/hsm/ilc/users/yokugawa/QQbar250/l5/eLpR/15162/000/rv02-02.sv02-02.mILD_l5_o1_v02.E250-SetA.I500010.P2f_z_h.eL.pR.n004.d_dstm_15162_15.slcio
+ sed -e '/<!-- OUTPUT.slcio -->/i /hsm/ilc/users/yokugawa/QQbar250/l5/eLpR/15162/000/rv02-02.sv02-02.mILD_l5_o1_v02.E250-SetA.I500010.P2f_z_h.eL.pR.n004.d_dstm_15162_15.slcio'
+ sed -e '/<!-- OUTPUT2.root -->/i /group/ilc/users/yokugawa/QQbar250/l5/eLpR/15162/proc_2021/QQbarProcessor_out/rv02-02.sv02-02.mILD_l5_o1_v02.E250-SetA.I500010.P2f_z_h.eL.pR.n004.d_dstm_15162_15.root'
+ sed -e '/<!-- OUTPUT1.root -->/i /group/ilc/users/yokugawa/QQbar250/l5/eLpR/15162/proc_2021/vertex_restorer_out/rv02-02.sv02-02.mILD_l5_o1_v02.E250-SetA.I500010.P2f_z_h.eL.pR.n004.d_dstm_15162_15_VR.root'
+ sed -e '/<!-- INPUT.slcio -->/i /group/ilc/grid/storm/prod/ilc/mc-2020/ild/dst-merged/250-SetA/2f_hadronic_eL_pR/ILD_l5_o1_v02/v02-02/00015162/000/rv02-02.sv02-02.mILD_l5_o1_v02.E250-SetA.I500010.P2f_z_h.eL.pR.n004.d_dstm_15162_15.slcio' qqbar250_steer.xml
+ /sw/ilc/ilcsoft/gcc820/v02-01-02/Marlin/v01-17-01/bin/Marlin ./myxml/rv02-02.sv02-02.mILD_l5_o1_v02.E250-SetA.I500010.P2f_z_h.eL.pR.n004.d_dstm_15162_15.xml
+ echo '16 event finished'
16 event finished
+ for count in '$(seq $start $end)'
++ tail -1
++ head -17 list/15162_l5.list
+ input=/group/ilc/grid/storm/prod/ilc/mc-2020/ild/dst-merged/250-SetA/2f_hadronic_eL_pR/ILD_l5_o1_v02/v02-02/00015162/000/rv02-02.sv02-02.mILD_l5_o1_v02.E250-SetA.I500010.P2f_z_h.eL.pR.n004.d_dstm_15162_16.slcio
+ echo /group/ilc/grid/storm/prod/ilc/mc-2020/ild/dst-merged/250-SetA/2f_hadronic_eL_pR/ILD_l5_o1_v02/v02-02/00015162/000/rv02-02.sv02-02.mILD_l5_o1_v02.E250-SetA.I500010.P2f_z_h.eL.pR.n004.d_dstm_15162_16.slcio
/group/ilc/grid/storm/prod/ilc/mc-2020/ild/dst-merged/250-SetA/2f_hadronic_eL_pR/ILD_l5_o1_v02/v02-02/00015162/000/rv02-02.sv02-02.mILD_l5_o1_v02.E250-SetA.I500010.P2f_z_h.eL.pR.n004.d_dstm_15162_16.slcio
++ basename /group/ilc/grid/storm/prod/ilc/mc-2020/ild/dst-merged/250-SetA/2f_hadronic_eL_pR/ILD_l5_o1_v02/v02-02/00015162/000/rv02-02.sv02-02.mILD_l5_o1_v02.E250-SetA.I500010.P2f_z_h.eL.pR.n004.d_dstm_15162_16.slcio
+ filename=rv02-02.sv02-02.mILD_l5_o1_v02.E250-SetA.I500010.P2f_z_h.eL.pR.n004.d_dstm_15162_16.slcio
+ filename=rv02-02.sv02-02.mILD_l5_o1_v02.E250-SetA.I500010.P2f_z_h.eL.pR.n004.d_dstm_15162_16
+ echo rv02-02.sv02-02.mILD_l5_o1_v02.E250-SetA.I500010.P2f_z_h.eL.pR.n004.d_dstm_15162_16
rv02-02.sv02-02.mILD_l5_o1_v02.E250-SetA.I500010.P2f_z_h.eL.pR.n004.d_dstm_15162_16
+ tmpxml=./tmpxml/rv02-02.sv02-02.mILD_l5_o1_v02.E250-SetA.I500010.P2f_z_h.eL.pR.n004.d_dstm_15162_16.xml
+ lastxml=./myxml/rv02-02.sv02-02.mILD_l5_o1_v02.E250-SetA.I500010.P2f_z_h.eL.pR.n004.d_dstm_15162_16.xml
+ log=./log/rv02-02.sv02-02.mILD_l5_o1_v02.E250-SetA.I500010.P2f_z_h.eL.pR.n004.d_dstm_15162_16.log
+ rootout1=/group/ilc/users/yokugawa/QQbar250/l5/eLpR/15162/proc_2021/vertex_restorer_out/rv02-02.sv02-02.mILD_l5_o1_v02.E250-SetA.I500010.P2f_z_h.eL.pR.n004.d_dstm_15162_16_VR.root
+ rootout2=/group/ilc/users/yokugawa/QQbar250/l5/eLpR/15162/proc_2021/QQbarProcessor_out/rv02-02.sv02-02.mILD_l5_o1_v02.E250-SetA.I500010.P2f_z_h.eL.pR.n004.d_dstm_15162_16.root
+ slcioout=/hsm/ilc/users/yokugawa/QQbar250/l5/eLpR/15162/000/rv02-02.sv02-02.mILD_l5_o1_v02.E250-SetA.I500010.P2f_z_h.eL.pR.n004.d_dstm_15162_16.slcio
+ sed -e '/<!-- OUTPUT.slcio -->/i /hsm/ilc/users/yokugawa/QQbar250/l5/eLpR/15162/000/rv02-02.sv02-02.mILD_l5_o1_v02.E250-SetA.I500010.P2f_z_h.eL.pR.n004.d_dstm_15162_16.slcio'
+ sed -e '/<!-- OUTPUT2.root -->/i /group/ilc/users/yokugawa/QQbar250/l5/eLpR/15162/proc_2021/QQbarProcessor_out/rv02-02.sv02-02.mILD_l5_o1_v02.E250-SetA.I500010.P2f_z_h.eL.pR.n004.d_dstm_15162_16.root'
+ sed -e '/<!-- OUTPUT1.root -->/i /group/ilc/users/yokugawa/QQbar250/l5/eLpR/15162/proc_2021/vertex_restorer_out/rv02-02.sv02-02.mILD_l5_o1_v02.E250-SetA.I500010.P2f_z_h.eL.pR.n004.d_dstm_15162_16_VR.root'
+ sed -e '/<!-- INPUT.slcio -->/i /group/ilc/grid/storm/prod/ilc/mc-2020/ild/dst-merged/250-SetA/2f_hadronic_eL_pR/ILD_l5_o1_v02/v02-02/00015162/000/rv02-02.sv02-02.mILD_l5_o1_v02.E250-SetA.I500010.P2f_z_h.eL.pR.n004.d_dstm_15162_16.slcio' qqbar250_steer.xml
+ /sw/ilc/ilcsoft/gcc820/v02-01-02/Marlin/v01-17-01/bin/Marlin ./myxml/rv02-02.sv02-02.mILD_l5_o1_v02.E250-SetA.I500010.P2f_z_h.eL.pR.n004.d_dstm_15162_16.xml
+ echo '17 event finished'
17 event finished
+ for count in '$(seq $start $end)'
++ tail -1
++ head -18 list/15162_l5.list
+ input=/group/ilc/grid/storm/prod/ilc/mc-2020/ild/dst-merged/250-SetA/2f_hadronic_eL_pR/ILD_l5_o1_v02/v02-02/00015162/000/rv02-02.sv02-02.mILD_l5_o1_v02.E250-SetA.I500010.P2f_z_h.eL.pR.n004.d_dstm_15162_17.slcio
+ echo /group/ilc/grid/storm/prod/ilc/mc-2020/ild/dst-merged/250-SetA/2f_hadronic_eL_pR/ILD_l5_o1_v02/v02-02/00015162/000/rv02-02.sv02-02.mILD_l5_o1_v02.E250-SetA.I500010.P2f_z_h.eL.pR.n004.d_dstm_15162_17.slcio
/group/ilc/grid/storm/prod/ilc/mc-2020/ild/dst-merged/250-SetA/2f_hadronic_eL_pR/ILD_l5_o1_v02/v02-02/00015162/000/rv02-02.sv02-02.mILD_l5_o1_v02.E250-SetA.I500010.P2f_z_h.eL.pR.n004.d_dstm_15162_17.slcio
++ basename /group/ilc/grid/storm/prod/ilc/mc-2020/ild/dst-merged/250-SetA/2f_hadronic_eL_pR/ILD_l5_o1_v02/v02-02/00015162/000/rv02-02.sv02-02.mILD_l5_o1_v02.E250-SetA.I500010.P2f_z_h.eL.pR.n004.d_dstm_15162_17.slcio
+ filename=rv02-02.sv02-02.mILD_l5_o1_v02.E250-SetA.I500010.P2f_z_h.eL.pR.n004.d_dstm_15162_17.slcio
+ filename=rv02-02.sv02-02.mILD_l5_o1_v02.E250-SetA.I500010.P2f_z_h.eL.pR.n004.d_dstm_15162_17
+ echo rv02-02.sv02-02.mILD_l5_o1_v02.E250-SetA.I500010.P2f_z_h.eL.pR.n004.d_dstm_15162_17
rv02-02.sv02-02.mILD_l5_o1_v02.E250-SetA.I500010.P2f_z_h.eL.pR.n004.d_dstm_15162_17
+ tmpxml=./tmpxml/rv02-02.sv02-02.mILD_l5_o1_v02.E250-SetA.I500010.P2f_z_h.eL.pR.n004.d_dstm_15162_17.xml
+ lastxml=./myxml/rv02-02.sv02-02.mILD_l5_o1_v02.E250-SetA.I500010.P2f_z_h.eL.pR.n004.d_dstm_15162_17.xml
+ log=./log/rv02-02.sv02-02.mILD_l5_o1_v02.E250-SetA.I500010.P2f_z_h.eL.pR.n004.d_dstm_15162_17.log
+ rootout1=/group/ilc/users/yokugawa/QQbar250/l5/eLpR/15162/proc_2021/vertex_restorer_out/rv02-02.sv02-02.mILD_l5_o1_v02.E250-SetA.I500010.P2f_z_h.eL.pR.n004.d_dstm_15162_17_VR.root
+ rootout2=/group/ilc/users/yokugawa/QQbar250/l5/eLpR/15162/proc_2021/QQbarProcessor_out/rv02-02.sv02-02.mILD_l5_o1_v02.E250-SetA.I500010.P2f_z_h.eL.pR.n004.d_dstm_15162_17.root
+ slcioout=/hsm/ilc/users/yokugawa/QQbar250/l5/eLpR/15162/000/rv02-02.sv02-02.mILD_l5_o1_v02.E250-SetA.I500010.P2f_z_h.eL.pR.n004.d_dstm_15162_17.slcio
+ sed -e '/<!-- OUTPUT.slcio -->/i /hsm/ilc/users/yokugawa/QQbar250/l5/eLpR/15162/000/rv02-02.sv02-02.mILD_l5_o1_v02.E250-SetA.I500010.P2f_z_h.eL.pR.n004.d_dstm_15162_17.slcio'
+ sed -e '/<!-- OUTPUT2.root -->/i /group/ilc/users/yokugawa/QQbar250/l5/eLpR/15162/proc_2021/QQbarProcessor_out/rv02-02.sv02-02.mILD_l5_o1_v02.E250-SetA.I500010.P2f_z_h.eL.pR.n004.d_dstm_15162_17.root'
+ sed -e '/<!-- OUTPUT1.root -->/i /group/ilc/users/yokugawa/QQbar250/l5/eLpR/15162/proc_2021/vertex_restorer_out/rv02-02.sv02-02.mILD_l5_o1_v02.E250-SetA.I500010.P2f_z_h.eL.pR.n004.d_dstm_15162_17_VR.root'
+ sed -e '/<!-- INPUT.slcio -->/i /group/ilc/grid/storm/prod/ilc/mc-2020/ild/dst-merged/250-SetA/2f_hadronic_eL_pR/ILD_l5_o1_v02/v02-02/00015162/000/rv02-02.sv02-02.mILD_l5_o1_v02.E250-SetA.I500010.P2f_z_h.eL.pR.n004.d_dstm_15162_17.slcio' qqbar250_steer.xml
+ /sw/ilc/ilcsoft/gcc820/v02-01-02/Marlin/v01-17-01/bin/Marlin ./myxml/rv02-02.sv02-02.mILD_l5_o1_v02.E250-SetA.I500010.P2f_z_h.eL.pR.n004.d_dstm_15162_17.xml
+ echo '18 event finished'
18 event finished
