The system is: Linux - 2.6.32-696.28.1.el6.x86_64 - x86_64
Compiling the C compiler identification source file "CMakeCCompilerId.c" succeeded.
Compiler: /usr/bin/cc 
Build flags: 
Id flags: 

The output was:
0


Compilation of the C compiler identification source "CMakeCCompilerId.c" produced "a.out"

The C compiler identification is GNU, found in "/users/ilc/okugawa/QQbarAnalysis/build/CMakeFiles/3.4.3/CompilerIdC/a.out"

Compiling the CXX compiler identification source file "CMakeCXXCompilerId.cpp" succeeded.
Compiler: /usr/bin/c++ 
Build flags: 
Id flags: 

The output was:
0


Compilation of the CXX compiler identification source "CMakeCXXCompilerId.cpp" produced "a.out"

The CXX compiler identification is GNU, found in "/users/ilc/okugawa/QQbarAnalysis/build/CMakeFiles/3.4.3/CompilerIdCXX/a.out"

Determining if the C compiler works passed with the following output:
Change Dir: /users/ilc/okugawa/QQbarAnalysis/build/CMakeFiles/CMakeTmp

Run Build Command:"/usr/bin/gmake" "cmTC_ac971/fast"
/usr/bin/gmake -f CMakeFiles/cmTC_ac971.dir/build.make CMakeFiles/cmTC_ac971.dir/build
gmake[1]: Entering directory `/users/ilc/okugawa/QQbarAnalysis/build/CMakeFiles/CMakeTmp'
Building C object CMakeFiles/cmTC_ac971.dir/testCCompiler.c.o
/usr/bin/cc     -o CMakeFiles/cmTC_ac971.dir/testCCompiler.c.o   -c /users/ilc/okugawa/QQbarAnalysis/build/CMakeFiles/CMakeTmp/testCCompiler.c
Linking C executable cmTC_ac971
/afs/desy.de/project/ilcsoft/sw/x86_64_gcc44_sl6/CMake/3.4.3/bin/cmake -E cmake_link_script CMakeFiles/cmTC_ac971.dir/link.txt --verbose=1
/usr/bin/cc       CMakeFiles/cmTC_ac971.dir/testCCompiler.c.o  -o cmTC_ac971 -rdynamic 
gmake[1]: Leaving directory `/users/ilc/okugawa/QQbarAnalysis/build/CMakeFiles/CMakeTmp'


Detecting C compiler ABI info compiled with the following output:
Change Dir: /users/ilc/okugawa/QQbarAnalysis/build/CMakeFiles/CMakeTmp

Run Build Command:"/usr/bin/gmake" "cmTC_06958/fast"
/usr/bin/gmake -f CMakeFiles/cmTC_06958.dir/build.make CMakeFiles/cmTC_06958.dir/build
gmake[1]: Entering directory `/users/ilc/okugawa/QQbarAnalysis/build/CMakeFiles/CMakeTmp'
Building C object CMakeFiles/cmTC_06958.dir/CMakeCCompilerABI.c.o
/usr/bin/cc     -o CMakeFiles/cmTC_06958.dir/CMakeCCompilerABI.c.o   -c /afs/desy.de/project/ilcsoft/sw/x86_64_gcc44_sl6/CMake/3.4.3/share/cmake-3.4/Modules/CMakeCCompilerABI.c
Linking C executable cmTC_06958
/afs/desy.de/project/ilcsoft/sw/x86_64_gcc44_sl6/CMake/3.4.3/bin/cmake -E cmake_link_script CMakeFiles/cmTC_06958.dir/link.txt --verbose=1
/usr/bin/cc      -v CMakeFiles/cmTC_06958.dir/CMakeCCompilerABI.c.o  -o cmTC_06958 -rdynamic  
Using built-in specs.
Target: x86_64-redhat-linux
Configured with: ../configure --prefix=/usr --mandir=/usr/share/man --infodir=/usr/share/info --with-bugurl=http://bugzilla.redhat.com/bugzilla --enable-bootstrap --enable-shared --enable-threads=posix --enable-checking=release --with-system-zlib --enable-__cxa_atexit --disable-libunwind-exceptions --enable-gnu-unique-object --enable-languages=c,c++,objc,obj-c++,java,fortran,ada --enable-java-awt=gtk --disable-dssi --with-java-home=/usr/lib/jvm/java-1.5.0-gcj-1.5.0.0/jre --enable-libgcj-multifile --enable-java-maintainer-mode --with-ecj-jar=/usr/share/java/eclipse-ecj.jar --disable-libjava-multilib --with-ppl --with-cloog --with-tune=generic --with-arch_32=i686 --build=x86_64-redhat-linux
Thread model: posix
gcc version 4.4.7 20120313 (Red Hat 4.4.7-18) (GCC) 
COMPILER_PATH=/usr/libexec/gcc/x86_64-redhat-linux/4.4.7/:/usr/libexec/gcc/x86_64-redhat-linux/4.4.7/:/usr/libexec/gcc/x86_64-redhat-linux/:/usr/lib/gcc/x86_64-redhat-linux/4.4.7/:/usr/lib/gcc/x86_64-redhat-linux/:/usr/libexec/gcc/x86_64-redhat-linux/4.4.7/:/usr/libexec/gcc/x86_64-redhat-linux/:/usr/lib/gcc/x86_64-redhat-linux/4.4.7/:/usr/lib/gcc/x86_64-redhat-linux/
LIBRARY_PATH=/usr/lib/gcc/x86_64-redhat-linux/4.4.7/:/usr/lib/gcc/x86_64-redhat-linux/4.4.7/:/usr/lib/gcc/x86_64-redhat-linux/4.4.7/../../../../lib64/:/lib/../lib64/:/usr/lib/../lib64/:/usr/lib/gcc/x86_64-redhat-linux/4.4.7/../../../:/lib/:/usr/lib/
COLLECT_GCC_OPTIONS='-v' '-o' 'cmTC_06958' '-rdynamic' '-mtune=generic'
 /usr/libexec/gcc/x86_64-redhat-linux/4.4.7/collect2 --eh-frame-hdr --build-id -m elf_x86_64 --hash-style=gnu -export-dynamic -dynamic-linker /lib64/ld-linux-x86-64.so.2 -o cmTC_06958 /usr/lib/gcc/x86_64-redhat-linux/4.4.7/../../../../lib64/crt1.o /usr/lib/gcc/x86_64-redhat-linux/4.4.7/../../../../lib64/crti.o /usr/lib/gcc/x86_64-redhat-linux/4.4.7/crtbegin.o -L/usr/lib/gcc/x86_64-redhat-linux/4.4.7 -L/usr/lib/gcc/x86_64-redhat-linux/4.4.7 -L/usr/lib/gcc/x86_64-redhat-linux/4.4.7/../../../../lib64 -L/lib/../lib64 -L/usr/lib/../lib64 -L/usr/lib/gcc/x86_64-redhat-linux/4.4.7/../../.. CMakeFiles/cmTC_06958.dir/CMakeCCompilerABI.c.o -lgcc --as-needed -lgcc_s --no-as-needed -lc -lgcc --as-needed -lgcc_s --no-as-needed /usr/lib/gcc/x86_64-redhat-linux/4.4.7/crtend.o /usr/lib/gcc/x86_64-redhat-linux/4.4.7/../../../../lib64/crtn.o
gmake[1]: Leaving directory `/users/ilc/okugawa/QQbarAnalysis/build/CMakeFiles/CMakeTmp'


Parsed C implicit link information from above output:
  link line regex: [^( *|.*[/\])(ld|([^/\]+-)?ld|collect2)[^/\]*( |$)]
  ignore line: [Change Dir: /users/ilc/okugawa/QQbarAnalysis/build/CMakeFiles/CMakeTmp]
  ignore line: []
  ignore line: [Run Build Command:"/usr/bin/gmake" "cmTC_06958/fast"]
  ignore line: [/usr/bin/gmake -f CMakeFiles/cmTC_06958.dir/build.make CMakeFiles/cmTC_06958.dir/build]
  ignore line: [gmake[1]: Entering directory `/users/ilc/okugawa/QQbarAnalysis/build/CMakeFiles/CMakeTmp']
  ignore line: [Building C object CMakeFiles/cmTC_06958.dir/CMakeCCompilerABI.c.o]
  ignore line: [/usr/bin/cc     -o CMakeFiles/cmTC_06958.dir/CMakeCCompilerABI.c.o   -c /afs/desy.de/project/ilcsoft/sw/x86_64_gcc44_sl6/CMake/3.4.3/share/cmake-3.4/Modules/CMakeCCompilerABI.c]
  ignore line: [Linking C executable cmTC_06958]
  ignore line: [/afs/desy.de/project/ilcsoft/sw/x86_64_gcc44_sl6/CMake/3.4.3/bin/cmake -E cmake_link_script CMakeFiles/cmTC_06958.dir/link.txt --verbose=1]
  ignore line: [/usr/bin/cc      -v CMakeFiles/cmTC_06958.dir/CMakeCCompilerABI.c.o  -o cmTC_06958 -rdynamic  ]
  ignore line: [Using built-in specs.]
  ignore line: [Target: x86_64-redhat-linux]
  ignore line: [Configured with: ../configure --prefix=/usr --mandir=/usr/share/man --infodir=/usr/share/info --with-bugurl=http://bugzilla.redhat.com/bugzilla --enable-bootstrap --enable-shared --enable-threads=posix --enable-checking=release --with-system-zlib --enable-__cxa_atexit --disable-libunwind-exceptions --enable-gnu-unique-object --enable-languages=c,c++,objc,obj-c++,java,fortran,ada --enable-java-awt=gtk --disable-dssi --with-java-home=/usr/lib/jvm/java-1.5.0-gcj-1.5.0.0/jre --enable-libgcj-multifile --enable-java-maintainer-mode --with-ecj-jar=/usr/share/java/eclipse-ecj.jar --disable-libjava-multilib --with-ppl --with-cloog --with-tune=generic --with-arch_32=i686 --build=x86_64-redhat-linux]
  ignore line: [Thread model: posix]
  ignore line: [gcc version 4.4.7 20120313 (Red Hat 4.4.7-18) (GCC) ]
  ignore line: [COMPILER_PATH=/usr/libexec/gcc/x86_64-redhat-linux/4.4.7/:/usr/libexec/gcc/x86_64-redhat-linux/4.4.7/:/usr/libexec/gcc/x86_64-redhat-linux/:/usr/lib/gcc/x86_64-redhat-linux/4.4.7/:/usr/lib/gcc/x86_64-redhat-linux/:/usr/libexec/gcc/x86_64-redhat-linux/4.4.7/:/usr/libexec/gcc/x86_64-redhat-linux/:/usr/lib/gcc/x86_64-redhat-linux/4.4.7/:/usr/lib/gcc/x86_64-redhat-linux/]
  ignore line: [LIBRARY_PATH=/usr/lib/gcc/x86_64-redhat-linux/4.4.7/:/usr/lib/gcc/x86_64-redhat-linux/4.4.7/:/usr/lib/gcc/x86_64-redhat-linux/4.4.7/../../../../lib64/:/lib/../lib64/:/usr/lib/../lib64/:/usr/lib/gcc/x86_64-redhat-linux/4.4.7/../../../:/lib/:/usr/lib/]
  ignore line: [COLLECT_GCC_OPTIONS='-v' '-o' 'cmTC_06958' '-rdynamic' '-mtune=generic']
  link line: [ /usr/libexec/gcc/x86_64-redhat-linux/4.4.7/collect2 --eh-frame-hdr --build-id -m elf_x86_64 --hash-style=gnu -export-dynamic -dynamic-linker /lib64/ld-linux-x86-64.so.2 -o cmTC_06958 /usr/lib/gcc/x86_64-redhat-linux/4.4.7/../../../../lib64/crt1.o /usr/lib/gcc/x86_64-redhat-linux/4.4.7/../../../../lib64/crti.o /usr/lib/gcc/x86_64-redhat-linux/4.4.7/crtbegin.o -L/usr/lib/gcc/x86_64-redhat-linux/4.4.7 -L/usr/lib/gcc/x86_64-redhat-linux/4.4.7 -L/usr/lib/gcc/x86_64-redhat-linux/4.4.7/../../../../lib64 -L/lib/../lib64 -L/usr/lib/../lib64 -L/usr/lib/gcc/x86_64-redhat-linux/4.4.7/../../.. CMakeFiles/cmTC_06958.dir/CMakeCCompilerABI.c.o -lgcc --as-needed -lgcc_s --no-as-needed -lc -lgcc --as-needed -lgcc_s --no-as-needed /usr/lib/gcc/x86_64-redhat-linux/4.4.7/crtend.o /usr/lib/gcc/x86_64-redhat-linux/4.4.7/../../../../lib64/crtn.o]
    arg [/usr/libexec/gcc/x86_64-redhat-linux/4.4.7/collect2] ==> ignore
    arg [--eh-frame-hdr] ==> ignore
    arg [--build-id] ==> ignore
    arg [-m] ==> ignore
    arg [elf_x86_64] ==> ignore
    arg [--hash-style=gnu] ==> ignore
    arg [-export-dynamic] ==> ignore
    arg [-dynamic-linker] ==> ignore
    arg [/lib64/ld-linux-x86-64.so.2] ==> ignore
    arg [-o] ==> ignore
    arg [cmTC_06958] ==> ignore
    arg [/usr/lib/gcc/x86_64-redhat-linux/4.4.7/../../../../lib64/crt1.o] ==> ignore
    arg [/usr/lib/gcc/x86_64-redhat-linux/4.4.7/../../../../lib64/crti.o] ==> ignore
    arg [/usr/lib/gcc/x86_64-redhat-linux/4.4.7/crtbegin.o] ==> ignore
    arg [-L/usr/lib/gcc/x86_64-redhat-linux/4.4.7] ==> dir [/usr/lib/gcc/x86_64-redhat-linux/4.4.7]
    arg [-L/usr/lib/gcc/x86_64-redhat-linux/4.4.7] ==> dir [/usr/lib/gcc/x86_64-redhat-linux/4.4.7]
    arg [-L/usr/lib/gcc/x86_64-redhat-linux/4.4.7/../../../../lib64] ==> dir [/usr/lib/gcc/x86_64-redhat-linux/4.4.7/../../../../lib64]
    arg [-L/lib/../lib64] ==> dir [/lib/../lib64]
    arg [-L/usr/lib/../lib64] ==> dir [/usr/lib/../lib64]
    arg [-L/usr/lib/gcc/x86_64-redhat-linux/4.4.7/../../..] ==> dir [/usr/lib/gcc/x86_64-redhat-linux/4.4.7/../../..]
    arg [CMakeFiles/cmTC_06958.dir/CMakeCCompilerABI.c.o] ==> ignore
    arg [-lgcc] ==> lib [gcc]
    arg [--as-needed] ==> ignore
    arg [-lgcc_s] ==> lib [gcc_s]
    arg [--no-as-needed] ==> ignore
    arg [-lc] ==> lib [c]
    arg [-lgcc] ==> lib [gcc]
    arg [--as-needed] ==> ignore
    arg [-lgcc_s] ==> lib [gcc_s]
    arg [--no-as-needed] ==> ignore
    arg [/usr/lib/gcc/x86_64-redhat-linux/4.4.7/crtend.o] ==> ignore
    arg [/usr/lib/gcc/x86_64-redhat-linux/4.4.7/../../../../lib64/crtn.o] ==> ignore
  remove lib [gcc]
  remove lib [gcc_s]
  remove lib [gcc]
  remove lib [gcc_s]
  collapse library dir [/usr/lib/gcc/x86_64-redhat-linux/4.4.7] ==> [/usr/lib/gcc/x86_64-redhat-linux/4.4.7]
  collapse library dir [/usr/lib/gcc/x86_64-redhat-linux/4.4.7] ==> [/usr/lib/gcc/x86_64-redhat-linux/4.4.7]
  collapse library dir [/usr/lib/gcc/x86_64-redhat-linux/4.4.7/../../../../lib64] ==> [/usr/lib64]
  collapse library dir [/lib/../lib64] ==> [/lib64]
  collapse library dir [/usr/lib/../lib64] ==> [/usr/lib64]
  collapse library dir [/usr/lib/gcc/x86_64-redhat-linux/4.4.7/../../..] ==> [/usr/lib]
  implicit libs: [c]
  implicit dirs: [/usr/lib/gcc/x86_64-redhat-linux/4.4.7;/usr/lib64;/lib64;/usr/lib]
  implicit fwks: []




Detecting C [-std=c99] compiler features compiled with the following output:
Change Dir: /users/ilc/okugawa/QQbarAnalysis/build/CMakeFiles/CMakeTmp

Run Build Command:"/usr/bin/gmake" "cmTC_acda0/fast"
/usr/bin/gmake -f CMakeFiles/cmTC_acda0.dir/build.make CMakeFiles/cmTC_acda0.dir/build
gmake[1]: Entering directory `/users/ilc/okugawa/QQbarAnalysis/build/CMakeFiles/CMakeTmp'
Building C object CMakeFiles/cmTC_acda0.dir/feature_tests.c.o
/usr/bin/cc    -std=c99 -o CMakeFiles/cmTC_acda0.dir/feature_tests.c.o   -c /users/ilc/okugawa/QQbarAnalysis/build/CMakeFiles/feature_tests.c
Linking C executable cmTC_acda0
/afs/desy.de/project/ilcsoft/sw/x86_64_gcc44_sl6/CMake/3.4.3/bin/cmake -E cmake_link_script CMakeFiles/cmTC_acda0.dir/link.txt --verbose=1
/usr/bin/cc       CMakeFiles/cmTC_acda0.dir/feature_tests.c.o  -o cmTC_acda0 -rdynamic 
gmake[1]: Leaving directory `/users/ilc/okugawa/QQbarAnalysis/build/CMakeFiles/CMakeTmp'


    Feature record: C_FEATURE:1c_function_prototypes
    Feature record: C_FEATURE:1c_restrict
    Feature record: C_FEATURE:0c_static_assert
    Feature record: C_FEATURE:1c_variadic_macros


Detecting C [-std=c89] compiler features compiled with the following output:
Change Dir: /users/ilc/okugawa/QQbarAnalysis/build/CMakeFiles/CMakeTmp

Run Build Command:"/usr/bin/gmake" "cmTC_b9e79/fast"
/usr/bin/gmake -f CMakeFiles/cmTC_b9e79.dir/build.make CMakeFiles/cmTC_b9e79.dir/build
gmake[1]: Entering directory `/users/ilc/okugawa/QQbarAnalysis/build/CMakeFiles/CMakeTmp'
Building C object CMakeFiles/cmTC_b9e79.dir/feature_tests.c.o
/usr/bin/cc    -std=c89 -o CMakeFiles/cmTC_b9e79.dir/feature_tests.c.o   -c /users/ilc/okugawa/QQbarAnalysis/build/CMakeFiles/feature_tests.c
Linking C executable cmTC_b9e79
/afs/desy.de/project/ilcsoft/sw/x86_64_gcc44_sl6/CMake/3.4.3/bin/cmake -E cmake_link_script CMakeFiles/cmTC_b9e79.dir/link.txt --verbose=1
/usr/bin/cc       CMakeFiles/cmTC_b9e79.dir/feature_tests.c.o  -o cmTC_b9e79 -rdynamic 
gmake[1]: Leaving directory `/users/ilc/okugawa/QQbarAnalysis/build/CMakeFiles/CMakeTmp'


    Feature record: C_FEATURE:1c_function_prototypes
    Feature record: C_FEATURE:0c_restrict
    Feature record: C_FEATURE:0c_static_assert
    Feature record: C_FEATURE:0c_variadic_macros
Determining if the CXX compiler works passed with the following output:
Change Dir: /users/ilc/okugawa/QQbarAnalysis/build/CMakeFiles/CMakeTmp

Run Build Command:"/usr/bin/gmake" "cmTC_04067/fast"
/usr/bin/gmake -f CMakeFiles/cmTC_04067.dir/build.make CMakeFiles/cmTC_04067.dir/build
gmake[1]: Entering directory `/users/ilc/okugawa/QQbarAnalysis/build/CMakeFiles/CMakeTmp'
Building CXX object CMakeFiles/cmTC_04067.dir/testCXXCompiler.cxx.o
/usr/bin/c++      -o CMakeFiles/cmTC_04067.dir/testCXXCompiler.cxx.o -c /users/ilc/okugawa/QQbarAnalysis/build/CMakeFiles/CMakeTmp/testCXXCompiler.cxx
Linking CXX executable cmTC_04067
/afs/desy.de/project/ilcsoft/sw/x86_64_gcc44_sl6/CMake/3.4.3/bin/cmake -E cmake_link_script CMakeFiles/cmTC_04067.dir/link.txt --verbose=1
/usr/bin/c++        CMakeFiles/cmTC_04067.dir/testCXXCompiler.cxx.o  -o cmTC_04067 -rdynamic 
gmake[1]: Leaving directory `/users/ilc/okugawa/QQbarAnalysis/build/CMakeFiles/CMakeTmp'


Detecting CXX compiler ABI info compiled with the following output:
Change Dir: /users/ilc/okugawa/QQbarAnalysis/build/CMakeFiles/CMakeTmp

Run Build Command:"/usr/bin/gmake" "cmTC_73c20/fast"
/usr/bin/gmake -f CMakeFiles/cmTC_73c20.dir/build.make CMakeFiles/cmTC_73c20.dir/build
gmake[1]: Entering directory `/users/ilc/okugawa/QQbarAnalysis/build/CMakeFiles/CMakeTmp'
Building CXX object CMakeFiles/cmTC_73c20.dir/CMakeCXXCompilerABI.cpp.o
/usr/bin/c++      -o CMakeFiles/cmTC_73c20.dir/CMakeCXXCompilerABI.cpp.o -c /afs/desy.de/project/ilcsoft/sw/x86_64_gcc44_sl6/CMake/3.4.3/share/cmake-3.4/Modules/CMakeCXXCompilerABI.cpp
Linking CXX executable cmTC_73c20
/afs/desy.de/project/ilcsoft/sw/x86_64_gcc44_sl6/CMake/3.4.3/bin/cmake -E cmake_link_script CMakeFiles/cmTC_73c20.dir/link.txt --verbose=1
/usr/bin/c++       -v CMakeFiles/cmTC_73c20.dir/CMakeCXXCompilerABI.cpp.o  -o cmTC_73c20 -rdynamic  
Using built-in specs.
Target: x86_64-redhat-linux
Configured with: ../configure --prefix=/usr --mandir=/usr/share/man --infodir=/usr/share/info --with-bugurl=http://bugzilla.redhat.com/bugzilla --enable-bootstrap --enable-shared --enable-threads=posix --enable-checking=release --with-system-zlib --enable-__cxa_atexit --disable-libunwind-exceptions --enable-gnu-unique-object --enable-languages=c,c++,objc,obj-c++,java,fortran,ada --enable-java-awt=gtk --disable-dssi --with-java-home=/usr/lib/jvm/java-1.5.0-gcj-1.5.0.0/jre --enable-libgcj-multifile --enable-java-maintainer-mode --with-ecj-jar=/usr/share/java/eclipse-ecj.jar --disable-libjava-multilib --with-ppl --with-cloog --with-tune=generic --with-arch_32=i686 --build=x86_64-redhat-linux
Thread model: posix
gcc version 4.4.7 20120313 (Red Hat 4.4.7-18) (GCC) 
COMPILER_PATH=/usr/libexec/gcc/x86_64-redhat-linux/4.4.7/:/usr/libexec/gcc/x86_64-redhat-linux/4.4.7/:/usr/libexec/gcc/x86_64-redhat-linux/:/usr/lib/gcc/x86_64-redhat-linux/4.4.7/:/usr/lib/gcc/x86_64-redhat-linux/:/usr/libexec/gcc/x86_64-redhat-linux/4.4.7/:/usr/libexec/gcc/x86_64-redhat-linux/:/usr/lib/gcc/x86_64-redhat-linux/4.4.7/:/usr/lib/gcc/x86_64-redhat-linux/
LIBRARY_PATH=/usr/lib/gcc/x86_64-redhat-linux/4.4.7/:/usr/lib/gcc/x86_64-redhat-linux/4.4.7/:/usr/lib/gcc/x86_64-redhat-linux/4.4.7/../../../../lib64/:/lib/../lib64/:/usr/lib/../lib64/:/usr/lib/gcc/x86_64-redhat-linux/4.4.7/../../../:/lib/:/usr/lib/
COLLECT_GCC_OPTIONS='-v' '-o' 'cmTC_73c20' '-rdynamic' '-shared-libgcc' '-mtune=generic'
 /usr/libexec/gcc/x86_64-redhat-linux/4.4.7/collect2 --eh-frame-hdr --build-id -m elf_x86_64 --hash-style=gnu -export-dynamic -dynamic-linker /lib64/ld-linux-x86-64.so.2 -o cmTC_73c20 /usr/lib/gcc/x86_64-redhat-linux/4.4.7/../../../../lib64/crt1.o /usr/lib/gcc/x86_64-redhat-linux/4.4.7/../../../../lib64/crti.o /usr/lib/gcc/x86_64-redhat-linux/4.4.7/crtbegin.o -L/usr/lib/gcc/x86_64-redhat-linux/4.4.7 -L/usr/lib/gcc/x86_64-redhat-linux/4.4.7 -L/usr/lib/gcc/x86_64-redhat-linux/4.4.7/../../../../lib64 -L/lib/../lib64 -L/usr/lib/../lib64 -L/usr/lib/gcc/x86_64-redhat-linux/4.4.7/../../.. CMakeFiles/cmTC_73c20.dir/CMakeCXXCompilerABI.cpp.o -lstdc++ -lm -lgcc_s -lgcc -lc -lgcc_s -lgcc /usr/lib/gcc/x86_64-redhat-linux/4.4.7/crtend.o /usr/lib/gcc/x86_64-redhat-linux/4.4.7/../../../../lib64/crtn.o
gmake[1]: Leaving directory `/users/ilc/okugawa/QQbarAnalysis/build/CMakeFiles/CMakeTmp'


Parsed CXX implicit link information from above output:
  link line regex: [^( *|.*[/\])(ld|([^/\]+-)?ld|collect2)[^/\]*( |$)]
  ignore line: [Change Dir: /users/ilc/okugawa/QQbarAnalysis/build/CMakeFiles/CMakeTmp]
  ignore line: []
  ignore line: [Run Build Command:"/usr/bin/gmake" "cmTC_73c20/fast"]
  ignore line: [/usr/bin/gmake -f CMakeFiles/cmTC_73c20.dir/build.make CMakeFiles/cmTC_73c20.dir/build]
  ignore line: [gmake[1]: Entering directory `/users/ilc/okugawa/QQbarAnalysis/build/CMakeFiles/CMakeTmp']
  ignore line: [Building CXX object CMakeFiles/cmTC_73c20.dir/CMakeCXXCompilerABI.cpp.o]
  ignore line: [/usr/bin/c++      -o CMakeFiles/cmTC_73c20.dir/CMakeCXXCompilerABI.cpp.o -c /afs/desy.de/project/ilcsoft/sw/x86_64_gcc44_sl6/CMake/3.4.3/share/cmake-3.4/Modules/CMakeCXXCompilerABI.cpp]
  ignore line: [Linking CXX executable cmTC_73c20]
  ignore line: [/afs/desy.de/project/ilcsoft/sw/x86_64_gcc44_sl6/CMake/3.4.3/bin/cmake -E cmake_link_script CMakeFiles/cmTC_73c20.dir/link.txt --verbose=1]
  ignore line: [/usr/bin/c++       -v CMakeFiles/cmTC_73c20.dir/CMakeCXXCompilerABI.cpp.o  -o cmTC_73c20 -rdynamic  ]
  ignore line: [Using built-in specs.]
  ignore line: [Target: x86_64-redhat-linux]
  ignore line: [Configured with: ../configure --prefix=/usr --mandir=/usr/share/man --infodir=/usr/share/info --with-bugurl=http://bugzilla.redhat.com/bugzilla --enable-bootstrap --enable-shared --enable-threads=posix --enable-checking=release --with-system-zlib --enable-__cxa_atexit --disable-libunwind-exceptions --enable-gnu-unique-object --enable-languages=c,c++,objc,obj-c++,java,fortran,ada --enable-java-awt=gtk --disable-dssi --with-java-home=/usr/lib/jvm/java-1.5.0-gcj-1.5.0.0/jre --enable-libgcj-multifile --enable-java-maintainer-mode --with-ecj-jar=/usr/share/java/eclipse-ecj.jar --disable-libjava-multilib --with-ppl --with-cloog --with-tune=generic --with-arch_32=i686 --build=x86_64-redhat-linux]
  ignore line: [Thread model: posix]
  ignore line: [gcc version 4.4.7 20120313 (Red Hat 4.4.7-18) (GCC) ]
  ignore line: [COMPILER_PATH=/usr/libexec/gcc/x86_64-redhat-linux/4.4.7/:/usr/libexec/gcc/x86_64-redhat-linux/4.4.7/:/usr/libexec/gcc/x86_64-redhat-linux/:/usr/lib/gcc/x86_64-redhat-linux/4.4.7/:/usr/lib/gcc/x86_64-redhat-linux/:/usr/libexec/gcc/x86_64-redhat-linux/4.4.7/:/usr/libexec/gcc/x86_64-redhat-linux/:/usr/lib/gcc/x86_64-redhat-linux/4.4.7/:/usr/lib/gcc/x86_64-redhat-linux/]
  ignore line: [LIBRARY_PATH=/usr/lib/gcc/x86_64-redhat-linux/4.4.7/:/usr/lib/gcc/x86_64-redhat-linux/4.4.7/:/usr/lib/gcc/x86_64-redhat-linux/4.4.7/../../../../lib64/:/lib/../lib64/:/usr/lib/../lib64/:/usr/lib/gcc/x86_64-redhat-linux/4.4.7/../../../:/lib/:/usr/lib/]
  ignore line: [COLLECT_GCC_OPTIONS='-v' '-o' 'cmTC_73c20' '-rdynamic' '-shared-libgcc' '-mtune=generic']
  link line: [ /usr/libexec/gcc/x86_64-redhat-linux/4.4.7/collect2 --eh-frame-hdr --build-id -m elf_x86_64 --hash-style=gnu -export-dynamic -dynamic-linker /lib64/ld-linux-x86-64.so.2 -o cmTC_73c20 /usr/lib/gcc/x86_64-redhat-linux/4.4.7/../../../../lib64/crt1.o /usr/lib/gcc/x86_64-redhat-linux/4.4.7/../../../../lib64/crti.o /usr/lib/gcc/x86_64-redhat-linux/4.4.7/crtbegin.o -L/usr/lib/gcc/x86_64-redhat-linux/4.4.7 -L/usr/lib/gcc/x86_64-redhat-linux/4.4.7 -L/usr/lib/gcc/x86_64-redhat-linux/4.4.7/../../../../lib64 -L/lib/../lib64 -L/usr/lib/../lib64 -L/usr/lib/gcc/x86_64-redhat-linux/4.4.7/../../.. CMakeFiles/cmTC_73c20.dir/CMakeCXXCompilerABI.cpp.o -lstdc++ -lm -lgcc_s -lgcc -lc -lgcc_s -lgcc /usr/lib/gcc/x86_64-redhat-linux/4.4.7/crtend.o /usr/lib/gcc/x86_64-redhat-linux/4.4.7/../../../../lib64/crtn.o]
    arg [/usr/libexec/gcc/x86_64-redhat-linux/4.4.7/collect2] ==> ignore
    arg [--eh-frame-hdr] ==> ignore
    arg [--build-id] ==> ignore
    arg [-m] ==> ignore
    arg [elf_x86_64] ==> ignore
    arg [--hash-style=gnu] ==> ignore
    arg [-export-dynamic] ==> ignore
    arg [-dynamic-linker] ==> ignore
    arg [/lib64/ld-linux-x86-64.so.2] ==> ignore
    arg [-o] ==> ignore
    arg [cmTC_73c20] ==> ignore
    arg [/usr/lib/gcc/x86_64-redhat-linux/4.4.7/../../../../lib64/crt1.o] ==> ignore
    arg [/usr/lib/gcc/x86_64-redhat-linux/4.4.7/../../../../lib64/crti.o] ==> ignore
    arg [/usr/lib/gcc/x86_64-redhat-linux/4.4.7/crtbegin.o] ==> ignore
    arg [-L/usr/lib/gcc/x86_64-redhat-linux/4.4.7] ==> dir [/usr/lib/gcc/x86_64-redhat-linux/4.4.7]
    arg [-L/usr/lib/gcc/x86_64-redhat-linux/4.4.7] ==> dir [/usr/lib/gcc/x86_64-redhat-linux/4.4.7]
    arg [-L/usr/lib/gcc/x86_64-redhat-linux/4.4.7/../../../../lib64] ==> dir [/usr/lib/gcc/x86_64-redhat-linux/4.4.7/../../../../lib64]
    arg [-L/lib/../lib64] ==> dir [/lib/../lib64]
    arg [-L/usr/lib/../lib64] ==> dir [/usr/lib/../lib64]
    arg [-L/usr/lib/gcc/x86_64-redhat-linux/4.4.7/../../..] ==> dir [/usr/lib/gcc/x86_64-redhat-linux/4.4.7/../../..]
    arg [CMakeFiles/cmTC_73c20.dir/CMakeCXXCompilerABI.cpp.o] ==> ignore
    arg [-lstdc++] ==> lib [stdc++]
    arg [-lm] ==> lib [m]
    arg [-lgcc_s] ==> lib [gcc_s]
    arg [-lgcc] ==> lib [gcc]
    arg [-lc] ==> lib [c]
    arg [-lgcc_s] ==> lib [gcc_s]
    arg [-lgcc] ==> lib [gcc]
    arg [/usr/lib/gcc/x86_64-redhat-linux/4.4.7/crtend.o] ==> ignore
    arg [/usr/lib/gcc/x86_64-redhat-linux/4.4.7/../../../../lib64/crtn.o] ==> ignore
  remove lib [gcc_s]
  remove lib [gcc]
  remove lib [gcc_s]
  remove lib [gcc]
  collapse library dir [/usr/lib/gcc/x86_64-redhat-linux/4.4.7] ==> [/usr/lib/gcc/x86_64-redhat-linux/4.4.7]
  collapse library dir [/usr/lib/gcc/x86_64-redhat-linux/4.4.7] ==> [/usr/lib/gcc/x86_64-redhat-linux/4.4.7]
  collapse library dir [/usr/lib/gcc/x86_64-redhat-linux/4.4.7/../../../../lib64] ==> [/usr/lib64]
  collapse library dir [/lib/../lib64] ==> [/lib64]
  collapse library dir [/usr/lib/../lib64] ==> [/usr/lib64]
  collapse library dir [/usr/lib/gcc/x86_64-redhat-linux/4.4.7/../../..] ==> [/usr/lib]
  implicit libs: [stdc++;m;c]
  implicit dirs: [/usr/lib/gcc/x86_64-redhat-linux/4.4.7;/usr/lib64;/lib64;/usr/lib]
  implicit fwks: []




Detecting CXX [-std=c++0x] compiler features compiled with the following output:
Change Dir: /users/ilc/okugawa/QQbarAnalysis/build/CMakeFiles/CMakeTmp

Run Build Command:"/usr/bin/gmake" "cmTC_6e1b3/fast"
/usr/bin/gmake -f CMakeFiles/cmTC_6e1b3.dir/build.make CMakeFiles/cmTC_6e1b3.dir/build
gmake[1]: Entering directory `/users/ilc/okugawa/QQbarAnalysis/build/CMakeFiles/CMakeTmp'
Building CXX object CMakeFiles/cmTC_6e1b3.dir/feature_tests.cxx.o
/usr/bin/c++     -std=c++0x -o CMakeFiles/cmTC_6e1b3.dir/feature_tests.cxx.o -c /users/ilc/okugawa/QQbarAnalysis/build/CMakeFiles/feature_tests.cxx
Linking CXX executable cmTC_6e1b3
/afs/desy.de/project/ilcsoft/sw/x86_64_gcc44_sl6/CMake/3.4.3/bin/cmake -E cmake_link_script CMakeFiles/cmTC_6e1b3.dir/link.txt --verbose=1
/usr/bin/c++        CMakeFiles/cmTC_6e1b3.dir/feature_tests.cxx.o  -o cmTC_6e1b3 -rdynamic 
gmake[1]: Leaving directory `/users/ilc/okugawa/QQbarAnalysis/build/CMakeFiles/CMakeTmp'


    Feature record: CXX_FEATURE:0cxx_aggregate_default_initializers
    Feature record: CXX_FEATURE:0cxx_alias_templates
    Feature record: CXX_FEATURE:0cxx_alignas
    Feature record: CXX_FEATURE:0cxx_alignof
    Feature record: CXX_FEATURE:0cxx_attributes
    Feature record: CXX_FEATURE:0cxx_attribute_deprecated
    Feature record: CXX_FEATURE:1cxx_auto_type
    Feature record: CXX_FEATURE:0cxx_binary_literals
    Feature record: CXX_FEATURE:0cxx_constexpr
    Feature record: CXX_FEATURE:0cxx_contextual_conversions
    Feature record: CXX_FEATURE:1cxx_decltype
    Feature record: CXX_FEATURE:0cxx_decltype_auto
    Feature record: CXX_FEATURE:0cxx_decltype_incomplete_return_types
    Feature record: CXX_FEATURE:1cxx_default_function_template_args
    Feature record: CXX_FEATURE:1cxx_defaulted_functions
    Feature record: CXX_FEATURE:0cxx_defaulted_move_initializers
    Feature record: CXX_FEATURE:0cxx_delegating_constructors
    Feature record: CXX_FEATURE:1cxx_deleted_functions
    Feature record: CXX_FEATURE:0cxx_digit_separators
    Feature record: CXX_FEATURE:0cxx_enum_forward_declarations
    Feature record: CXX_FEATURE:0cxx_explicit_conversions
    Feature record: CXX_FEATURE:0cxx_extended_friend_declarations
    Feature record: CXX_FEATURE:1cxx_extern_templates
    Feature record: CXX_FEATURE:0cxx_final
    Feature record: CXX_FEATURE:1cxx_func_identifier
    Feature record: CXX_FEATURE:1cxx_generalized_initializers
    Feature record: CXX_FEATURE:0cxx_generic_lambdas
    Feature record: CXX_FEATURE:0cxx_inheriting_constructors
    Feature record: CXX_FEATURE:1cxx_inline_namespaces
    Feature record: CXX_FEATURE:0cxx_lambdas
    Feature record: CXX_FEATURE:0cxx_lambda_init_captures
    Feature record: CXX_FEATURE:0cxx_local_type_template_args
    Feature record: CXX_FEATURE:1cxx_long_long_type
    Feature record: CXX_FEATURE:0cxx_noexcept
    Feature record: CXX_FEATURE:0cxx_nonstatic_member_init
    Feature record: CXX_FEATURE:0cxx_nullptr
    Feature record: CXX_FEATURE:0cxx_override
    Feature record: CXX_FEATURE:0cxx_range_for
    Feature record: CXX_FEATURE:0cxx_raw_string_literals
    Feature record: CXX_FEATURE:0cxx_reference_qualified_functions
    Feature record: CXX_FEATURE:0cxx_relaxed_constexpr
    Feature record: CXX_FEATURE:0cxx_return_type_deduction
    Feature record: CXX_FEATURE:1cxx_right_angle_brackets
    Feature record: CXX_FEATURE:1cxx_rvalue_references
    Feature record: CXX_FEATURE:1cxx_sizeof_member
    Feature record: CXX_FEATURE:1cxx_static_assert
    Feature record: CXX_FEATURE:1cxx_strong_enums
    Feature record: CXX_FEATURE:1cxx_template_template_parameters
    Feature record: CXX_FEATURE:0cxx_thread_local
    Feature record: CXX_FEATURE:1cxx_trailing_return_types
    Feature record: CXX_FEATURE:1cxx_unicode_literals
    Feature record: CXX_FEATURE:1cxx_uniform_initialization
    Feature record: CXX_FEATURE:0cxx_unrestricted_unions
    Feature record: CXX_FEATURE:0cxx_user_literals
    Feature record: CXX_FEATURE:0cxx_variable_templates
    Feature record: CXX_FEATURE:1cxx_variadic_macros
    Feature record: CXX_FEATURE:1cxx_variadic_templates


Detecting CXX [-std=c++98] compiler features compiled with the following output:
Change Dir: /users/ilc/okugawa/QQbarAnalysis/build/CMakeFiles/CMakeTmp

Run Build Command:"/usr/bin/gmake" "cmTC_059e8/fast"
/usr/bin/gmake -f CMakeFiles/cmTC_059e8.dir/build.make CMakeFiles/cmTC_059e8.dir/build
gmake[1]: Entering directory `/users/ilc/okugawa/QQbarAnalysis/build/CMakeFiles/CMakeTmp'
Building CXX object CMakeFiles/cmTC_059e8.dir/feature_tests.cxx.o
/usr/bin/c++     -std=c++98 -o CMakeFiles/cmTC_059e8.dir/feature_tests.cxx.o -c /users/ilc/okugawa/QQbarAnalysis/build/CMakeFiles/feature_tests.cxx
Linking CXX executable cmTC_059e8
/afs/desy.de/project/ilcsoft/sw/x86_64_gcc44_sl6/CMake/3.4.3/bin/cmake -E cmake_link_script CMakeFiles/cmTC_059e8.dir/link.txt --verbose=1
/usr/bin/c++        CMakeFiles/cmTC_059e8.dir/feature_tests.cxx.o  -o cmTC_059e8 -rdynamic 
gmake[1]: Leaving directory `/users/ilc/okugawa/QQbarAnalysis/build/CMakeFiles/CMakeTmp'


    Feature record: CXX_FEATURE:0cxx_aggregate_default_initializers
    Feature record: CXX_FEATURE:0cxx_alias_templates
    Feature record: CXX_FEATURE:0cxx_alignas
    Feature record: CXX_FEATURE:0cxx_alignof
    Feature record: CXX_FEATURE:0cxx_attributes
    Feature record: CXX_FEATURE:0cxx_attribute_deprecated
    Feature record: CXX_FEATURE:0cxx_auto_type
    Feature record: CXX_FEATURE:0cxx_binary_literals
    Feature record: CXX_FEATURE:0cxx_constexpr
    Feature record: CXX_FEATURE:0cxx_contextual_conversions
    Feature record: CXX_FEATURE:0cxx_decltype
    Feature record: CXX_FEATURE:0cxx_decltype_auto
    Feature record: CXX_FEATURE:0cxx_decltype_incomplete_return_types
    Feature record: CXX_FEATURE:0cxx_default_function_template_args
    Feature record: CXX_FEATURE:0cxx_defaulted_functions
    Feature record: CXX_FEATURE:0cxx_defaulted_move_initializers
    Feature record: CXX_FEATURE:0cxx_delegating_constructors
    Feature record: CXX_FEATURE:0cxx_deleted_functions
    Feature record: CXX_FEATURE:0cxx_digit_separators
    Feature record: CXX_FEATURE:0cxx_enum_forward_declarations
    Feature record: CXX_FEATURE:0cxx_explicit_conversions
    Feature record: CXX_FEATURE:0cxx_extended_friend_declarations
    Feature record: CXX_FEATURE:0cxx_extern_templates
    Feature record: CXX_FEATURE:0cxx_final
    Feature record: CXX_FEATURE:0cxx_func_identifier
    Feature record: CXX_FEATURE:0cxx_generalized_initializers
    Feature record: CXX_FEATURE:0cxx_generic_lambdas
    Feature record: CXX_FEATURE:0cxx_inheriting_constructors
    Feature record: CXX_FEATURE:0cxx_inline_namespaces
    Feature record: CXX_FEATURE:0cxx_lambdas
    Feature record: CXX_FEATURE:0cxx_lambda_init_captures
    Feature record: CXX_FEATURE:0cxx_local_type_template_args
    Feature record: CXX_FEATURE:0cxx_long_long_type
    Feature record: CXX_FEATURE:0cxx_noexcept
    Feature record: CXX_FEATURE:0cxx_nonstatic_member_init
    Feature record: CXX_FEATURE:0cxx_nullptr
    Feature record: CXX_FEATURE:0cxx_override
    Feature record: CXX_FEATURE:0cxx_range_for
    Feature record: CXX_FEATURE:0cxx_raw_string_literals
    Feature record: CXX_FEATURE:0cxx_reference_qualified_functions
    Feature record: CXX_FEATURE:0cxx_relaxed_constexpr
    Feature record: CXX_FEATURE:0cxx_return_type_deduction
    Feature record: CXX_FEATURE:0cxx_right_angle_brackets
    Feature record: CXX_FEATURE:0cxx_rvalue_references
    Feature record: CXX_FEATURE:0cxx_sizeof_member
    Feature record: CXX_FEATURE:0cxx_static_assert
    Feature record: CXX_FEATURE:0cxx_strong_enums
    Feature record: CXX_FEATURE:1cxx_template_template_parameters
    Feature record: CXX_FEATURE:0cxx_thread_local
    Feature record: CXX_FEATURE:0cxx_trailing_return_types
    Feature record: CXX_FEATURE:0cxx_unicode_literals
    Feature record: CXX_FEATURE:0cxx_uniform_initialization
    Feature record: CXX_FEATURE:0cxx_unrestricted_unions
    Feature record: CXX_FEATURE:0cxx_user_literals
    Feature record: CXX_FEATURE:0cxx_variable_templates
    Feature record: CXX_FEATURE:0cxx_variadic_macros
    Feature record: CXX_FEATURE:0cxx_variadic_templates
Performing C++ SOURCE FILE Test CXX_FLAG_WORKS_-Wall succeded with the following output:
Change Dir: /users/ilc/okugawa/QQbarAnalysis/build/CMakeFiles/CMakeTmp

Run Build Command:"/usr/bin/gmake" "cmTC_a67a2/fast"
/usr/bin/gmake -f CMakeFiles/cmTC_a67a2.dir/build.make CMakeFiles/cmTC_a67a2.dir/build
gmake[1]: Entering directory `/users/ilc/okugawa/QQbarAnalysis/build/CMakeFiles/CMakeTmp'
Building CXX object CMakeFiles/cmTC_a67a2.dir/src.cxx.o
/usr/bin/c++     -DCXX_FLAG_WORKS_-Wall   -Wall -o CMakeFiles/cmTC_a67a2.dir/src.cxx.o -c /users/ilc/okugawa/QQbarAnalysis/build/CMakeFiles/CMakeTmp/src.cxx
<command-line>: warning: missing whitespace after the macro name
Linking CXX executable cmTC_a67a2
/afs/desy.de/project/ilcsoft/sw/x86_64_gcc44_sl6/CMake/3.4.3/bin/cmake -E cmake_link_script CMakeFiles/cmTC_a67a2.dir/link.txt --verbose=1
/usr/bin/c++    -DCXX_FLAG_WORKS_-Wall    CMakeFiles/cmTC_a67a2.dir/src.cxx.o  -o cmTC_a67a2 -rdynamic 
gmake[1]: Leaving directory `/users/ilc/okugawa/QQbarAnalysis/build/CMakeFiles/CMakeTmp'

Source file was:
int main() { return 0; }
Performing C++ SOURCE FILE Test CXX_FLAG_WORKS_-Wextra succeded with the following output:
Change Dir: /users/ilc/okugawa/QQbarAnalysis/build/CMakeFiles/CMakeTmp

Run Build Command:"/usr/bin/gmake" "cmTC_a5a39/fast"
/usr/bin/gmake -f CMakeFiles/cmTC_a5a39.dir/build.make CMakeFiles/cmTC_a5a39.dir/build
gmake[1]: Entering directory `/users/ilc/okugawa/QQbarAnalysis/build/CMakeFiles/CMakeTmp'
Building CXX object CMakeFiles/cmTC_a5a39.dir/src.cxx.o
/usr/bin/c++     -Wall   -DCXX_FLAG_WORKS_-Wextra   -Wextra -o CMakeFiles/cmTC_a5a39.dir/src.cxx.o -c /users/ilc/okugawa/QQbarAnalysis/build/CMakeFiles/CMakeTmp/src.cxx
<command-line>: warning: missing whitespace after the macro name
Linking CXX executable cmTC_a5a39
/afs/desy.de/project/ilcsoft/sw/x86_64_gcc44_sl6/CMake/3.4.3/bin/cmake -E cmake_link_script CMakeFiles/cmTC_a5a39.dir/link.txt --verbose=1
/usr/bin/c++   -Wall   -DCXX_FLAG_WORKS_-Wextra    CMakeFiles/cmTC_a5a39.dir/src.cxx.o  -o cmTC_a5a39 -rdynamic 
gmake[1]: Leaving directory `/users/ilc/okugawa/QQbarAnalysis/build/CMakeFiles/CMakeTmp'

Source file was:
int main() { return 0; }
Performing C++ SOURCE FILE Test CXX_FLAG_WORKS_-Wshadow succeded with the following output:
Change Dir: /users/ilc/okugawa/QQbarAnalysis/build/CMakeFiles/CMakeTmp

Run Build Command:"/usr/bin/gmake" "cmTC_e2ace/fast"
/usr/bin/gmake -f CMakeFiles/cmTC_e2ace.dir/build.make CMakeFiles/cmTC_e2ace.dir/build
gmake[1]: Entering directory `/users/ilc/okugawa/QQbarAnalysis/build/CMakeFiles/CMakeTmp'
Building CXX object CMakeFiles/cmTC_e2ace.dir/src.cxx.o
/usr/bin/c++     -Wextra -Wall    -DCXX_FLAG_WORKS_-Wshadow   -Wshadow -o CMakeFiles/cmTC_e2ace.dir/src.cxx.o -c /users/ilc/okugawa/QQbarAnalysis/build/CMakeFiles/CMakeTmp/src.cxx
<command-line>: warning: missing whitespace after the macro name
Linking CXX executable cmTC_e2ace
/afs/desy.de/project/ilcsoft/sw/x86_64_gcc44_sl6/CMake/3.4.3/bin/cmake -E cmake_link_script CMakeFiles/cmTC_e2ace.dir/link.txt --verbose=1
/usr/bin/c++   -Wextra -Wall    -DCXX_FLAG_WORKS_-Wshadow    CMakeFiles/cmTC_e2ace.dir/src.cxx.o  -o cmTC_e2ace -rdynamic 
gmake[1]: Leaving directory `/users/ilc/okugawa/QQbarAnalysis/build/CMakeFiles/CMakeTmp'

Source file was:
int main() { return 0; }
Performing C++ SOURCE FILE Test CXX_FLAG_WORKS_-Weffc++ succeded with the following output:
Change Dir: /users/ilc/okugawa/QQbarAnalysis/build/CMakeFiles/CMakeTmp

Run Build Command:"/usr/bin/gmake" "cmTC_f5fc5/fast"
/usr/bin/gmake -f CMakeFiles/cmTC_f5fc5.dir/build.make CMakeFiles/cmTC_f5fc5.dir/build
gmake[1]: Entering directory `/users/ilc/okugawa/QQbarAnalysis/build/CMakeFiles/CMakeTmp'
Building CXX object CMakeFiles/cmTC_f5fc5.dir/src.cxx.o
/usr/bin/c++     -Wshadow -Wextra -Wall     -DCXX_FLAG_WORKS_-Weffc++   -Weffc++ -o CMakeFiles/cmTC_f5fc5.dir/src.cxx.o -c /users/ilc/okugawa/QQbarAnalysis/build/CMakeFiles/CMakeTmp/src.cxx
<command-line>: warning: missing whitespace after the macro name
Linking CXX executable cmTC_f5fc5
/afs/desy.de/project/ilcsoft/sw/x86_64_gcc44_sl6/CMake/3.4.3/bin/cmake -E cmake_link_script CMakeFiles/cmTC_f5fc5.dir/link.txt --verbose=1
/usr/bin/c++   -Wshadow -Wextra -Wall     -DCXX_FLAG_WORKS_-Weffc++    CMakeFiles/cmTC_f5fc5.dir/src.cxx.o  -o cmTC_f5fc5 -rdynamic 
gmake[1]: Leaving directory `/users/ilc/okugawa/QQbarAnalysis/build/CMakeFiles/CMakeTmp'

Source file was:
int main() { return 0; }
Performing C++ SOURCE FILE Test CXX_FLAG_WORKS_-pedantic succeded with the following output:
Change Dir: /users/ilc/okugawa/QQbarAnalysis/build/CMakeFiles/CMakeTmp

Run Build Command:"/usr/bin/gmake" "cmTC_9a0e5/fast"
/usr/bin/gmake -f CMakeFiles/cmTC_9a0e5.dir/build.make CMakeFiles/cmTC_9a0e5.dir/build
gmake[1]: Entering directory `/users/ilc/okugawa/QQbarAnalysis/build/CMakeFiles/CMakeTmp'
Building CXX object CMakeFiles/cmTC_9a0e5.dir/src.cxx.o
/usr/bin/c++     -Weffc++ -Wshadow -Wextra -Wall      -DCXX_FLAG_WORKS_-pedantic   -pedantic -o CMakeFiles/cmTC_9a0e5.dir/src.cxx.o -c /users/ilc/okugawa/QQbarAnalysis/build/CMakeFiles/CMakeTmp/src.cxx
<command-line>: warning: missing whitespace after the macro name
Linking CXX executable cmTC_9a0e5
/afs/desy.de/project/ilcsoft/sw/x86_64_gcc44_sl6/CMake/3.4.3/bin/cmake -E cmake_link_script CMakeFiles/cmTC_9a0e5.dir/link.txt --verbose=1
/usr/bin/c++   -Weffc++ -Wshadow -Wextra -Wall      -DCXX_FLAG_WORKS_-pedantic    CMakeFiles/cmTC_9a0e5.dir/src.cxx.o  -o cmTC_9a0e5 -rdynamic 
gmake[1]: Leaving directory `/users/ilc/okugawa/QQbarAnalysis/build/CMakeFiles/CMakeTmp'

Source file was:
int main() { return 0; }
Performing C++ SOURCE FILE Test CXX_FLAG_WORKS_-Wno-long-long succeded with the following output:
Change Dir: /users/ilc/okugawa/QQbarAnalysis/build/CMakeFiles/CMakeTmp

Run Build Command:"/usr/bin/gmake" "cmTC_4efbb/fast"
/usr/bin/gmake -f CMakeFiles/cmTC_4efbb.dir/build.make CMakeFiles/cmTC_4efbb.dir/build
gmake[1]: Entering directory `/users/ilc/okugawa/QQbarAnalysis/build/CMakeFiles/CMakeTmp'
Building CXX object CMakeFiles/cmTC_4efbb.dir/src.cxx.o
/usr/bin/c++     -pedantic -Weffc++ -Wshadow -Wextra -Wall       -DCXX_FLAG_WORKS_-Wno-long-long   -Wno-long-long -o CMakeFiles/cmTC_4efbb.dir/src.cxx.o -c /users/ilc/okugawa/QQbarAnalysis/build/CMakeFiles/CMakeTmp/src.cxx
<command-line>: warning: missing whitespace after the macro name
Linking CXX executable cmTC_4efbb
/afs/desy.de/project/ilcsoft/sw/x86_64_gcc44_sl6/CMake/3.4.3/bin/cmake -E cmake_link_script CMakeFiles/cmTC_4efbb.dir/link.txt --verbose=1
/usr/bin/c++   -pedantic -Weffc++ -Wshadow -Wextra -Wall       -DCXX_FLAG_WORKS_-Wno-long-long    CMakeFiles/cmTC_4efbb.dir/src.cxx.o  -o cmTC_4efbb -rdynamic 
gmake[1]: Leaving directory `/users/ilc/okugawa/QQbarAnalysis/build/CMakeFiles/CMakeTmp'

Source file was:
int main() { return 0; }
Performing C++ SOURCE FILE Test CXX_FLAG_WORKS_-Wuninitialized succeded with the following output:
Change Dir: /users/ilc/okugawa/QQbarAnalysis/build/CMakeFiles/CMakeTmp

Run Build Command:"/usr/bin/gmake" "cmTC_c1548/fast"
/usr/bin/gmake -f CMakeFiles/cmTC_c1548.dir/build.make CMakeFiles/cmTC_c1548.dir/build
gmake[1]: Entering directory `/users/ilc/okugawa/QQbarAnalysis/build/CMakeFiles/CMakeTmp'
Building CXX object CMakeFiles/cmTC_c1548.dir/src.cxx.o
/usr/bin/c++     -Wno-long-long -pedantic -Weffc++ -Wshadow -Wextra -Wall        -DCXX_FLAG_WORKS_-Wuninitialized   -Wuninitialized -o CMakeFiles/cmTC_c1548.dir/src.cxx.o -c /users/ilc/okugawa/QQbarAnalysis/build/CMakeFiles/CMakeTmp/src.cxx
<command-line>: warning: missing whitespace after the macro name
Linking CXX executable cmTC_c1548
/afs/desy.de/project/ilcsoft/sw/x86_64_gcc44_sl6/CMake/3.4.3/bin/cmake -E cmake_link_script CMakeFiles/cmTC_c1548.dir/link.txt --verbose=1
/usr/bin/c++   -Wno-long-long -pedantic -Weffc++ -Wshadow -Wextra -Wall        -DCXX_FLAG_WORKS_-Wuninitialized    CMakeFiles/cmTC_c1548.dir/src.cxx.o  -o cmTC_c1548 -rdynamic 
gmake[1]: Leaving directory `/users/ilc/okugawa/QQbarAnalysis/build/CMakeFiles/CMakeTmp'

Source file was:
int main() { return 0; }
Performing C++ SOURCE FILE Test CXX_FLAG_WORKS_-Wl,-no-undefined succeded with the following output:
Change Dir: /users/ilc/okugawa/QQbarAnalysis/build/CMakeFiles/CMakeTmp

Run Build Command:"/usr/bin/gmake" "cmTC_86a46/fast"
/usr/bin/gmake -f CMakeFiles/cmTC_86a46.dir/build.make CMakeFiles/cmTC_86a46.dir/build
gmake[1]: Entering directory `/users/ilc/okugawa/QQbarAnalysis/build/CMakeFiles/CMakeTmp'
Building CXX object CMakeFiles/cmTC_86a46.dir/src.cxx.o
/usr/bin/c++     -Wuninitialized -Wno-long-long -pedantic -Weffc++ -Wshadow -Wextra -Wall         -DCXX_FLAG_WORKS_-Wl,-no-undefined   -Wl,-no-undefined -o CMakeFiles/cmTC_86a46.dir/src.cxx.o -c /users/ilc/okugawa/QQbarAnalysis/build/CMakeFiles/CMakeTmp/src.cxx
<command-line>: warning: missing whitespace after the macro name
Linking CXX executable cmTC_86a46
/afs/desy.de/project/ilcsoft/sw/x86_64_gcc44_sl6/CMake/3.4.3/bin/cmake -E cmake_link_script CMakeFiles/cmTC_86a46.dir/link.txt --verbose=1
/usr/bin/c++   -Wuninitialized -Wno-long-long -pedantic -Weffc++ -Wshadow -Wextra -Wall         -DCXX_FLAG_WORKS_-Wl,-no-undefined    CMakeFiles/cmTC_86a46.dir/src.cxx.o  -o cmTC_86a46 -rdynamic 
gmake[1]: Leaving directory `/users/ilc/okugawa/QQbarAnalysis/build/CMakeFiles/CMakeTmp'

Source file was:
int main() { return 0; }
